
[2021-06-11 03:06:36] local.ERROR: SQLSTATE[HY000] [1049] Unknown database 'qalzam1' (SQL: select * from `branches` where `status` = active and `branches`.`id` = 6 limit 1) {"exception":"[object] (Illuminate\\Database\\QueryException(code: 1049): SQLSTATE[HY000] [1049] Unknown database 'qalzam1' (SQL: select * from `branches` where `status` = active and `branches`.`id` = 6 limit 1) at /home/badawy/Joovlly/qalzam/vendor/laravel/framework/src/Illuminate/Database/Connection.php:678)

[stacktrace]
#0 /home/badawy/Joovlly/qalzam/vendor/laravel/framework/src/Illuminate/Database/Connection.php(638): Illuminate\\Database\\Connection->runQueryCallback()
#1 /home/badawy/Joovlly/qalzam/vendor/laravel/framework/src/Illuminate/Database/Connection.php(346): Illuminate\\Database\\Connection->run()
#2 /home/badawy/Joovlly/qalzam/vendor/laravel/framework/src/Illuminate/Database/Query/Builder.php(2313): Illuminate\\Database\\Connection->select()
#3 /home/badawy/Joovlly/qalzam/vendor/laravel/framework/src/Illuminate/Database/Query/Builder.php(2301): Illuminate\\Database\\Query\\Builder->runSelect()
#4 /home/badawy/Joovlly/qalzam/vendor/laravel/framework/src/Illuminate/Database/Query/Builder.php(2796): Illuminate\\Database\\Query\\Builder->Illuminate\\Database\\Query\\{closure}()
#5 /home/badawy/Joovlly/qalzam/vendor/laravel/framework/src/Illuminate/Database/Query/Builder.php(2302): Illuminate\\Database\\Query\\Builder->onceWithColumns()

#6 /home/badawy/Joovlly/qalzam/vendor/laravel/framework/src/Illuminate/Database/Eloquent/Builder.php(588): Illuminate\\Database\\Query\\Builder->get()
#7 /home/badawy/Joovlly/qalzam/vendor/laravel/framework/src/Illuminate/Database/Eloquent/Builder.php(572): Illuminate\\Database\\Eloquent\\Builder->getModels()
#8 /home/badawy/Joovlly/qalzam/vendor/laravel/framework/src/Illuminate/Database/Concerns/BuildsQueries.php(242): Illuminate\\Database\\Eloquent\\Builder->get()
#9 /home/badawy/Joovlly/qalzam/vendor/laravel/framework/src/Illuminate/Database/Eloquent/Builder.php(376): Illuminate\\Database\\Eloquent\\Builder->first()
#10 /home/badawy/Joovlly/qalzam/vendor/laravel/framework/src/Illuminate/Database/Eloquent/Builder.php(408): Illuminate\\Database\\Eloquent\\Builder->find()
#11 /home/badawy/Joovlly/qalzam/vendor/prettus/l5-repository/src/Prettus/Repository/Eloquent/BaseRepository.php(514): Illuminate\\Database\\Eloquent\\Builder->findOrFail()
#12 /home/badawy/Joovlly/qalzam/app/Domain/Website/Http/Controllers/PagesController.php(84): Prettus\\Repository\\Eloquent\\BaseRepository->find()
#13 /home/badawy/Joovlly/qalzam/vendor/laravel/framework/src/Illuminate/Routing/Controller.php(54): App\\Domain\\Website\\Http\\Controllers\\PagesController->branch()
#14 /home/badawy/Joovlly/qalzam/vendor/laravel/framework/src/Illuminate/Routing/ControllerDispatcher.php(45): Illuminate\\Routing\\Controller->callAction()
#15 /home/badawy/Joovlly/qalzam/vendor/laravel/framework/src/Illuminate/Routing/Route.php(254): Illuminate\\Routing\\ControllerDispatcher->dispatch()
#16 /home/badawy/Joovlly/qalzam/vendor/laravel/framework/src/Illuminate/Routing/Route.php(197): Illuminate\\Routing\\Route->runController()
#17 /home/badawy/Joovlly/qalzam/vendor/laravel/framework/src/Illuminate/Routing/Router.php(695): Illuminate\\Routing\\Route->run()
#18 /home/badawy/Joovlly/qalzam/vendor/laravel/framework/src/Illuminate/Pipeline/Pipeline.php(128): Illuminate\\Routing\\Router->Illuminate\\Routing\\{closure}()
#19 /home/badawy/Joovlly/qalzam/app/Common/Http/Middleware/Lang.php(31): Illuminate\\Pipeline\\Pipeline->Illuminate\\Pipeline\\{closure}()
#20 /home/badawy/Joovlly/qalzam/vendor/laravel/framework/src/Illuminate/Pipeline/Pipeline.php(167): App\\Common\\Http\\Middleware\\Lang->handle()
#21 /home/badawy/Joovlly/qalzam/app/Common/Http/Middleware/OptimizeImages.php(37): Illuminate\\Pipeline\\Pipeline->Illuminate\\Pipeline\\{closure}()
#22 /home/badawy/Joovlly/qalzam/vendor/laravel/framework/src/Illuminate/Pipeline/Pipeline.php(167): App\\Common\\Http\\Middleware\\OptimizeImages->handle()
#23 /home/badawy/Joovlly/qalzam/vendor/laravel/framework/src/Illuminate/Routing/Middleware/SubstituteBindings.php(50): Illuminate\\Pipeline\\Pipeline->Illuminate\\Pipeline\\{closure}()
#24 /home/badawy/Joovlly/qalzam/vendor/laravel/framework/src/Illuminate/Pipeline/Pipeline.php(167): Illuminate\\Routing\\Middleware\\SubstituteBindings->handle()
#25 /home/badawy/Joovlly/qalzam/vendor/laravel/framework/src/Illuminate/Foundation/Http/Middleware/VerifyCsrfToken.php(78): Illuminate\\Pipeline\\Pipeline->Illuminate\\Pipeline\\{closure}()
#26 /home/badawy/Joovlly/qalzam/vendor/laravel/framework/src/Illuminate/Pipeline/Pipeline.php(167): Illuminate\\Foundation\\Http\\Middleware\\VerifyCsrfToken->handle()
#27 /home/badawy/Joovlly/qalzam/vendor/laravel/framework/src/Illuminate/Session/Middleware/AuthenticateSession.php(39): Illuminate\\Pipeline\\Pipeline->Illuminate\\Pipeline\\{closure}()
#28 /home/badawy/Joovlly/qalzam/vendor/laravel/framework/src/Illuminate/Pipeline/Pipeline.php(167): Illuminate\\Session\\Middleware\\AuthenticateSession->handle()
#29 /home/badawy/Joovlly/qalzam/vendor/laravel/framework/src/Illuminate/View/Middleware/ShareErrorsFromSession.php(49): Illuminate\\Pipeline\\Pipeline->Illuminate\\Pipeline\\{closure}()
#30 /home/badawy/Joovlly/qalzam/vendor/laravel/framework/src/Illuminate/Pipeline/Pipeline.php(167): Illuminate\\View\\Middleware\\ShareErrorsFromSession->handle()
#31 /home/badawy/Joovlly/qalzam/vendor/laravel/framework/src/Illuminate/Session/Middleware/StartSession.php(121): Illuminate\\Pipeline\\Pipeline->Illuminate\\Pipeline\\{closure}()
#32 /home/badawy/Joovlly/qalzam/vendor/laravel/framework/src/Illuminate/Session/Middleware/StartSession.php(64): Illuminate\\Session\\Middleware\\StartSession->handleStatefulRequest()
#33 /home/badawy/Joovlly/qalzam/vendor/laravel/framework/src/Illuminate/Pipeline/Pipeline.php(167): Illuminate\\Session\\Middleware\\StartSession->handle()
#34 /home/badawy/Joovlly/qalzam/vendor/laravel/framework/src/Illuminate/Cookie/Middleware/AddQueuedCookiesToResponse.php(37): Illuminate\\Pipeline\\Pipeline->Illuminate\\Pipeline\\{closure}()
#35 /home/badawy/Joovlly/qalzam/vendor/laravel/framework/src/Illuminate/Pipeline/Pipeline.php(167): Illuminate\\Cookie\\Middleware\\AddQueuedCookiesToResponse->handle()
#36 /home/badawy/Joovlly/qalzam/vendor/laravel/framework/src/Illuminate/Cookie/Middleware/EncryptCookies.php(67): Illuminate\\Pipeline\\Pipeline->Illuminate\\Pipeline\\{closure}()
#37 /home/badawy/Joovlly/qalzam/vendor/laravel/framework/src/Illuminate/Pipeline/Pipeline.php(167): Illuminate\\Cookie\\Middleware\\EncryptCookies->handle()
#38 /home/badawy/Joovlly/qalzam/vendor/laravel/framework/src/Illuminate/Pipeline/Pipeline.php(103): Illuminate\\Pipeline\\Pipeline->Illuminate\\Pipeline\\{closure}()
#39 /home/badawy/Joovlly/qalzam/vendor/laravel/framework/src/Illuminate/Routing/Router.php(697): Illuminate\\Pipeline\\Pipeline->then()
#40 /home/badawy/Joovlly/qalzam/vendor/laravel/framework/src/Illuminate/Routing/Router.php(672): Illuminate\\Routing\\Router->runRouteWithinStack()
#41 /home/badawy/Joovlly/qalzam/vendor/laravel/framework/src/Illuminate/Routing/Router.php(636): Illuminate\\Routing\\Router->runRoute()
#42 /home/badawy/Joovlly/qalzam/vendor/laravel/framework/src/Illuminate/Routing/Router.php(625): Illuminate\\Routing\\Router->dispatchToRoute()
#43 /home/badawy/Joovlly/qalzam/vendor/laravel/framework/src/Illuminate/Foundation/Http/Kernel.php(166): Illuminate\\Routing\\Router->dispatch()
#44 /home/badawy/Joovlly/qalzam/vendor/laravel/framework/src/Illuminate/Pipeline/Pipeline.php(128): Illuminate\\Foundation\\Http\\Kernel->Illuminate\\Foundation\\Http\\{closure}()
#45 /home/badawy/Joovlly/qalzam/vendor/laravel/framework/src/Illuminate/Foundation/Http/Middleware/TransformsRequest.php(21): Illuminate\\Pipeline\\Pipeline->Illuminate\\Pipeline\\{closure}()
#46 /home/badawy/Joovlly/qalzam/vendor/laravel/framework/src/Illuminate/Foundation/Http/Middleware/ConvertEmptyStringsToNull.php(31): Illuminate\\Foundation\\Http\\Middleware\\TransformsRequest->handle()
#47 /home/badawy/Joovlly/qalzam/vendor/laravel/framework/src/Illuminate/Pipeline/Pipeline.php(167): Illuminate\\Foundation\\Http\\Middleware\\ConvertEmptyStringsToNull->handle()
#48 /home/badawy/Joovlly/qalzam/vendor/laravel/framework/src/Illuminate/Foundation/Http/Middleware/TransformsRequest.php(21): Illuminate\\Pipeline\\Pipeline->Illuminate\\Pipeline\\{closure}()
#49 /home/badawy/Joovlly/qalzam/vendor/laravel/framework/src/Illuminate/Foundation/Http/Middleware/TrimStrings.php(40): Illuminate\\Foundation\\Http\\Middleware\\TransformsRequest->handle()
#50 /home/badawy/Joovlly/qalzam/vendor/laravel/framework/src/Illuminate/Pipeline/Pipeline.php(167): Illuminate\\Foundation\\Http\\Middleware\\TrimStrings->handle()
#51 /home/badawy/Joovlly/qalzam/vendor/laravel/framework/src/Illuminate/Foundation/Http/Middleware/ValidatePostSize.php(27): Illuminate\\Pipeline\\Pipeline->Illuminate\\Pipeline\\{closure}()
#52 /home/badawy/Joovlly/qalzam/vendor/laravel/framework/src/Illuminate/Pipeline/Pipeline.php(167): Illuminate\\Foundation\\Http\\Middleware\\ValidatePostSize->handle()
#53 /home/badawy/Joovlly/qalzam/vendor/laravel/framework/src/Illuminate/Foundation/Http/Middleware/PreventRequestsDuringMaintenance.php(86): Illuminate\\Pipeline\\Pipeline->Illuminate\\Pipeline\\{closure}()
#54 /home/badawy/Joovlly/qalzam/vendor/laravel/framework/src/Illuminate/Pipeline/Pipeline.php(167): Illuminate\\Foundation\\Http\\Middleware\\PreventRequestsDuringMaintenance->handle()
#55 /home/badawy/Joovlly/qalzam/vendor/fideloper/proxy/src/TrustProxies.php(57): Illuminate\\Pipeline\\Pipeline->Illuminate\\Pipeline\\{closure}()
#56 /home/badawy/Joovlly/qalzam/vendor/laravel/framework/src/Illuminate/Pipeline/Pipeline.php(167): Fideloper\\Proxy\\TrustProxies->handle()
#57 /home/badawy/Joovlly/qalzam/app/Common/Http/Middleware/Cors.php(18): Illuminate\\Pipeline\\Pipeline->Illuminate\\Pipeline\\{closure}()
#58 /home/badawy/Joovlly/qalzam/vendor/laravel/framework/src/Illuminate/Pipeline/Pipeline.php(167): App\\Common\\Http\\Middleware\\Cors->handle()
#59 /home/badawy/Joovlly/qalzam/vendor/laravel/framework/src/Illuminate/Pipeline/Pipeline.php(103): Illuminate\\Pipeline\\Pipeline->Illuminate\\Pipeline\\{closure}()
#60 /home/badawy/Joovlly/qalzam/vendor/laravel/framework/src/Illuminate/Foundation/Http/Kernel.php(141): Illuminate\\Pipeline\\Pipeline->then()
#61 /home/badawy/Joovlly/qalzam/vendor/laravel/framework/src/Illuminate/Foundation/Http/Kernel.php(110): Illuminate\\Foundation\\Http\\Kernel->sendRequestThroughRouter()
#62 /home/badawy/Joovlly/qalzam/public/index.php(52): Illuminate\\Foundation\\Http\\Kernel->handle()
#63 /home/badawy/Joovlly/qalzam/server.php(21): require_once('/home/badawy/Jo...')
#64 {main}

[previous exception] [object] (PDOException(code: 1049): SQLSTATE[HY000] [1049] Unknown database 'qalzam1' at /home/badawy/Joovlly/qalzam/vendor/laravel/framework/src/Illuminate/Database/Connectors/Connector.php:70)
[stacktrace]
#0 /home/badawy/Joovlly/qalzam/vendor/laravel/framework/src/Illuminate/Database/Connectors/Connector.php(70): PDO->__construct()
#1 /home/badawy/Joovlly/qalzam/vendor/laravel/framework/src/Illuminate/Database/Connectors/Connector.php(46): Illuminate\\Database\\Connectors\\Connector->createPdoConnection()
#2 /home/badawy/Joovlly/qalzam/vendor/laravel/framework/src/Illuminate/Database/Connectors/MySqlConnector.php(24): Illuminate\\Database\\Connectors\\Connector->createConnection()
#3 /home/badawy/Joovlly/qalzam/vendor/laravel/framework/src/Illuminate/Database/Connectors/ConnectionFactory.php(184): Illuminate\\Database\\Connectors\\MySqlConnector->connect()
#4 [internal function]: Illuminate\\Database\\Connectors\\ConnectionFactory->Illuminate\\Database\\Connectors\\{closure}()
#5 /home/badawy/Joovlly/qalzam/vendor/laravel/framework/src/Illuminate/Database/Connection.php(949): call_user_func()
#6 /home/badawy/Joovlly/qalzam/vendor/laravel/framework/src/Illuminate/Database/Connection.php(984): Illuminate\\Database\\Connection->getPdo()
#7 /home/badawy/Joovlly/qalzam/vendor/laravel/framework/src/Illuminate/Database/Connection.php(412): Illuminate\\Database\\Connection->getReadPdo()
#8 /home/badawy/Joovlly/qalzam/vendor/laravel/framework/src/Illuminate/Database/Connection.php(338): Illuminate\\Database\\Connection->getPdoForSelect()
#9 /home/badawy/Joovlly/qalzam/vendor/laravel/framework/src/Illuminate/Database/Connection.php(671): Illuminate\\Database\\Connection->Illuminate\\Database\\{closure}()
#10 /home/badawy/Joovlly/qalzam/vendor/laravel/framework/src/Illuminate/Database/Connection.php(638): Illuminate\\Database\\Connection->runQueryCallback()
#11 /home/badawy/Joovlly/qalzam/vendor/laravel/framework/src/Illuminate/Database/Connection.php(346): Illuminate\\Database\\Connection->run()
#12 /home/badawy/Joovlly/qalzam/vendor/laravel/framework/src/Illuminate/Database/Query/Builder.php(2313): Illuminate\\Database\\Connection->select()
#13 /home/badawy/Joovlly/qalzam/vendor/laravel/framework/src/Illuminate/Database/Query/Builder.php(2301): Illuminate\\Database\\Query\\Builder->runSelect()
#14 /home/badawy/Joovlly/qalzam/vendor/laravel/framework/src/Illuminate/Database/Query/Builder.php(2796): Illuminate\\Database\\Query\\Builder->Illuminate\\Database\\Query\\{closure}()
#15 /home/badawy/Joovlly/qalzam/vendor/laravel/framework/src/Illuminate/Database/Query/Builder.php(2302): Illuminate\\Database\\Query\\Builder->onceWithColumns()
#16 /home/badawy/Joovlly/qalzam/vendor/laravel/framework/src/Illuminate/Database/Eloquent/Builder.php(588): Illuminate\\Database\\Query\\Builder->get()
#17 /home/badawy/Joovlly/qalzam/vendor/laravel/framework/src/Illuminate/Database/Eloquent/Builder.php(572): Illuminate\\Database\\Eloquent\\Builder->getModels()
#18 /home/badawy/Joovlly/qalzam/vendor/laravel/framework/src/Illuminate/Database/Concerns/BuildsQueries.php(242): Illuminate\\Database\\Eloquent\\Builder->get()
#19 /home/badawy/Joovlly/qalzam/vendor/laravel/framework/src/Illuminate/Database/Eloquent/Builder.php(376): Illuminate\\Database\\Eloquent\\Builder->first()
#20 /home/badawy/Joovlly/qalzam/vendor/laravel/framework/src/Illuminate/Database/Eloquent/Builder.php(408): Illuminate\\Database\\Eloquent\\Builder->find()
#21 /home/badawy/Joovlly/qalzam/vendor/prettus/l5-repository/src/Prettus/Repository/Eloquent/BaseRepository.php(514): Illuminate\\Database\\Eloquent\\Builder->findOrFail()
#22 /home/badawy/Joovlly/qalzam/app/Domain/Website/Http/Controllers/PagesController.php(84): Prettus\\Repository\\Eloquent\\BaseRepository->find()
#23 /home/badawy/Joovlly/qalzam/vendor/laravel/framework/src/Illuminate/Routing/Controller.php(54): App\\Domain\\Website\\Http\\Controllers\\PagesController->branch()
#24 /home/badawy/Joovlly/qalzam/vendor/laravel/framework/src/Illuminate/Routing/ControllerDispatcher.php(45): Illuminate\\Routing\\Controller->callAction()
#25 /home/badawy/Joovlly/qalzam/vendor/laravel/framework/src/Illuminate/Routing/Route.php(254): Illuminate\\Routing\\ControllerDispatcher->dispatch()
#26 /home/badawy/Joovlly/qalzam/vendor/laravel/framework/src/Illuminate/Routing/Route.php(197): Illuminate\\Routing\\Route->runController()
#27 /home/badawy/Joovlly/qalzam/vendor/laravel/framework/src/Illuminate/Routing/Router.php(695): Illuminate\\Routing\\Route->run()
#28 /home/badawy/Joovlly/qalzam/vendor/laravel/framework/src/Illuminate/Pipeline/Pipeline.php(128): Illuminate\\Routing\\Router->Illuminate\\Routing\\{closure}()
#29 /home/badawy/Joovlly/qalzam/app/Common/Http/Middleware/Lang.php(31): Illuminate\\Pipeline\\Pipeline->Illuminate\\Pipeline\\{closure}()
#30 /home/badawy/Joovlly/qalzam/vendor/laravel/framework/src/Illuminate/Pipeline/Pipeline.php(167): App\\Common\\Http\\Middleware\\Lang->handle()
#31 /home/badawy/Joovlly/qalzam/app/Common/Http/Middleware/OptimizeImages.php(37): Illuminate\\Pipeline\\Pipeline->Illuminate\\Pipeline\\{closure}()
#32 /home/badawy/Joovlly/qalzam/vendor/laravel/framework/src/Illuminate/Pipeline/Pipeline.php(167): App\\Common\\Http\\Middleware\\OptimizeImages->handle()
#33 /home/badawy/Joovlly/qalzam/vendor/laravel/framework/src/Illuminate/Routing/Middleware/SubstituteBindings.php(50): Illuminate\\Pipeline\\Pipeline->Illuminate\\Pipeline\\{closure}()
#34 /home/badawy/Joovlly/qalzam/vendor/laravel/framework/src/Illuminate/Pipeline/Pipeline.php(167): Illuminate\\Routing\\Middleware\\SubstituteBindings->handle()
#35 /home/badawy/Joovlly/qalzam/vendor/laravel/framework/src/Illuminate/Foundation/Http/Middleware/VerifyCsrfToken.php(78): Illuminate\\Pipeline\\Pipeline->Illuminate\\Pipeline\\{closure}()
#36 /home/badawy/Joovlly/qalzam/vendor/laravel/framework/src/Illuminate/Pipeline/Pipeline.php(167): Illuminate\\Foundation\\Http\\Middleware\\VerifyCsrfToken->handle()
#37 /home/badawy/Joovlly/qalzam/vendor/laravel/framework/src/Illuminate/Session/Middleware/AuthenticateSession.php(39): Illuminate\\Pipeline\\Pipeline->Illuminate\\Pipeline\\{closure}()
#38 /home/badawy/Joovlly/qalzam/vendor/laravel/framework/src/Illuminate/Pipeline/Pipeline.php(167): Illuminate\\Session\\Middleware\\AuthenticateSession->handle()
#39 /home/badawy/Joovlly/qalzam/vendor/laravel/framework/src/Illuminate/View/Middleware/ShareErrorsFromSession.php(49): Illuminate\\Pipeline\\Pipeline->Illuminate\\Pipeline\\{closure}()
#40 /home/badawy/Joovlly/qalzam/vendor/laravel/framework/src/Illuminate/Pipeline/Pipeline.php(167): Illuminate\\View\\Middleware\\ShareErrorsFromSession->handle()
#41 /home/badawy/Joovlly/qalzam/vendor/laravel/framework/src/Illuminate/Session/Middleware/StartSession.php(121): Illuminate\\Pipeline\\Pipeline->Illuminate\\Pipeline\\{closure}()
#42 /home/badawy/Joovlly/qalzam/vendor/laravel/framework/src/Illuminate/Session/Middleware/StartSession.php(64): Illuminate\\Session\\Middleware\\StartSession->handleStatefulRequest()
#43 /home/badawy/Joovlly/qalzam/vendor/laravel/framework/src/Illuminate/Pipeline/Pipeline.php(167): Illuminate\\Session\\Middleware\\StartSession->handle()
#44 /home/badawy/Joovlly/qalzam/vendor/laravel/framework/src/Illuminate/Cookie/Middleware/AddQueuedCookiesToResponse.php(37): Illuminate\\Pipeline\\Pipeline->Illuminate\\Pipeline\\{closure}()
#45 /home/badawy/Joovlly/qalzam/vendor/laravel/framework/src/Illuminate/Pipeline/Pipeline.php(167): Illuminate\\Cookie\\Middleware\\AddQueuedCookiesToResponse->handle()
#46 /home/badawy/Joovlly/qalzam/vendor/laravel/framework/src/Illuminate/Cookie/Middleware/EncryptCookies.php(67): Illuminate\\Pipeline\\Pipeline->Illuminate\\Pipeline\\{closure}()
#47 /home/badawy/Joovlly/qalzam/vendor/laravel/framework/src/Illuminate/Pipeline/Pipeline.php(167): Illuminate\\Cookie\\Middleware\\EncryptCookies->handle()
#48 /home/badawy/Joovlly/qalzam/vendor/laravel/framework/src/Illuminate/Pipeline/Pipeline.php(103): Illuminate\\Pipeline\\Pipeline->Illuminate\\Pipeline\\{closure}()
#49 /home/badawy/Joovlly/qalzam/vendor/laravel/framework/src/Illuminate/Routing/Router.php(697): Illuminate\\Pipeline\\Pipeline->then()
#50 /home/badawy/Joovlly/qalzam/vendor/laravel/framework/src/Illuminate/Routing/Router.php(672): Illuminate\\Routing\\Router->runRouteWithinStack()
#51 /home/badawy/Joovlly/qalzam/vendor/laravel/framework/src/Illuminate/Routing/Router.php(636): Illuminate\\Routing\\Router->runRoute()
#52 /home/badawy/Joovlly/qalzam/vendor/laravel/framework/src/Illuminate/Routing/Router.php(625): Illuminate\\Routing\\Router->dispatchToRoute()
#53 /home/badawy/Joovlly/qalzam/vendor/laravel/framework/src/Illuminate/Foundation/Http/Kernel.php(166): Illuminate\\Routing\\Router->dispatch()
#54 /home/badawy/Joovlly/qalzam/vendor/laravel/framework/src/Illuminate/Pipeline/Pipeline.php(128): Illuminate\\Foundation\\Http\\Kernel->Illuminate\\Foundation\\Http\\{closure}()
#55 /home/badawy/Joovlly/qalzam/vendor/laravel/framework/src/Illuminate/Foundation/Http/Middleware/TransformsRequest.php(21): Illuminate\\Pipeline\\Pipeline->Illuminate\\Pipeline\\{closure}()
#56 /home/badawy/Joovlly/qalzam/vendor/laravel/framework/src/Illuminate/Foundation/Http/Middleware/ConvertEmptyStringsToNull.php(31): Illuminate\\Foundation\\Http\\Middleware\\TransformsRequest->handle()
#57 /home/badawy/Joovlly/qalzam/vendor/laravel/framework/src/Illuminate/Pipeline/Pipeline.php(167): Illuminate\\Foundation\\Http\\Middleware\\ConvertEmptyStringsToNull->handle()
#58 /home/badawy/Joovlly/qalzam/vendor/laravel/framework/src/Illuminate/Foundation/Http/Middleware/TransformsRequest.php(21): Illuminate\\Pipeline\\Pipeline->Illuminate\\Pipeline\\{closure}()
#59 /home/badawy/Joovlly/qalzam/vendor/laravel/framework/src/Illuminate/Foundation/Http/Middleware/TrimStrings.php(40): Illuminate\\Foundation\\Http\\Middleware\\TransformsRequest->handle()
#60 /home/badawy/Joovlly/qalzam/vendor/laravel/framework/src/Illuminate/Pipeline/Pipeline.php(167): Illuminate\\Foundation\\Http\\Middleware\\TrimStrings->handle()
#61 /home/badawy/Joovlly/qalzam/vendor/laravel/framework/src/Illuminate/Foundation/Http/Middleware/ValidatePostSize.php(27): Illuminate\\Pipeline\\Pipeline->Illuminate\\Pipeline\\{closure}()
#62 /home/badawy/Joovlly/qalzam/vendor/laravel/framework/src/Illuminate/Pipeline/Pipeline.php(167): Illuminate\\Foundation\\Http\\Middleware\\ValidatePostSize->handle()
#63 /home/badawy/Joovlly/qalzam/vendor/laravel/framework/src/Illuminate/Foundation/Http/Middleware/PreventRequestsDuringMaintenance.php(86): Illuminate\\Pipeline\\Pipeline->Illuminate\\Pipeline\\{closure}()
#64 /home/badawy/Joovlly/qalzam/vendor/laravel/framework/src/Illuminate/Pipeline/Pipeline.php(167): Illuminate\\Foundation\\Http\\Middleware\\PreventRequestsDuringMaintenance->handle()
#65 /home/badawy/Joovlly/qalzam/vendor/fideloper/proxy/src/TrustProxies.php(57): Illuminate\\Pipeline\\Pipeline->Illuminate\\Pipeline\\{closure}()
#66 /home/badawy/Joovlly/qalzam/vendor/laravel/framework/src/Illuminate/Pipeline/Pipeline.php(167): Fideloper\\Proxy\\TrustProxies->handle()
#67 /home/badawy/Joovlly/qalzam/app/Common/Http/Middleware/Cors.php(18): Illuminate\\Pipeline\\Pipeline->Illuminate\\Pipeline\\{closure}()
#68 /home/badawy/Joovlly/qalzam/vendor/laravel/framework/src/Illuminate/Pipeline/Pipeline.php(167): App\\Common\\Http\\Middleware\\Cors->handle()
#69 /home/badawy/Joovlly/qalzam/vendor/laravel/framework/src/Illuminate/Pipeline/Pipeline.php(103): Illuminate\\Pipeline\\Pipeline->Illuminate\\Pipeline\\{closure}()
#70 /home/badawy/Joovlly/qalzam/vendor/laravel/framework/src/Illuminate/Foundation/Http/Kernel.php(141): Illuminate\\Pipeline\\Pipeline->then()
#71 /home/badawy/Joovlly/qalzam/vendor/laravel/framework/src/Illuminate/Foundation/Http/Kernel.php(110): Illuminate\\Foundation\\Http\\Kernel->sendRequestThroughRouter()
#72 /home/badawy/Joovlly/qalzam/public/index.php(52): Illuminate\\Foundation\\Http\\Kernel->handle()
#73 /home/badawy/Joovlly/qalzam/server.php(21): require_once('/home/badawy/Jo...')
#74 {main}
"} 
[2021-06-11 03:06:36] local.ERROR: file_put_contents(M:\other things\joovlly\qalzam\serverSide\storage\framework/sessions/KrEnGHrumHmrcLaTR41qxCRvbd2G3uabTjjSNOOP): failed to open stream: No such file or directory {"exception":"[object] (ErrorException(code: 0): file_put_contents(M:\\other things\\joovlly\\qalzam\\serverSide\\storage\\framework/sessions/KrEnGHrumHmrcLaTR41qxCRvbd2G3uabTjjSNOOP): failed to open stream: No such file or directory at /home/badawy/Joovlly/qalzam/vendor/laravel/framework/src/Illuminate/Filesystem/Filesystem.php:185)
[stacktrace]
#0 [internal function]: Illuminate\\Foundation\\Bootstrap\\HandleExceptions->handleError()
#1 /home/badawy/Joovlly/qalzam/vendor/laravel/framework/src/Illuminate/Filesystem/Filesystem.php(185): file_put_contents()
#2 /home/badawy/Joovlly/qalzam/vendor/laravel/framework/src/Illuminate/Session/FileSessionHandler.php(83): Illuminate\\Filesystem\\Filesystem->put()
#3 /home/badawy/Joovlly/qalzam/vendor/laravel/framework/src/Illuminate/Session/Store.php(129): Illuminate\\Session\\FileSessionHandler->write()
#4 /home/badawy/Joovlly/qalzam/vendor/laravel/framework/src/Illuminate/Session/Middleware/StartSession.php(236): Illuminate\\Session\\Store->save()
#5 /home/badawy/Joovlly/qalzam/vendor/laravel/framework/src/Illuminate/Session/Middleware/StartSession.php(130): Illuminate\\Session\\Middleware\\StartSession->saveSession()
#6 /home/badawy/Joovlly/qalzam/vendor/laravel/framework/src/Illuminate/Session/Middleware/StartSession.php(64): Illuminate\\Session\\Middleware\\StartSession->handleStatefulRequest()
#7 /home/badawy/Joovlly/qalzam/vendor/laravel/framework/src/Illuminate/Pipeline/Pipeline.php(167): Illuminate\\Session\\Middleware\\StartSession->handle()
#8 /home/badawy/Joovlly/qalzam/vendor/laravel/framework/src/Illuminate/Cookie/Middleware/AddQueuedCookiesToResponse.php(37): Illuminate\\Pipeline\\Pipeline->Illuminate\\Pipeline\\{closure}()
#9 /home/badawy/Joovlly/qalzam/vendor/laravel/framework/src/Illuminate/Pipeline/Pipeline.php(167): Illuminate\\Cookie\\Middleware\\AddQueuedCookiesToResponse->handle()
#10 /home/badawy/Joovlly/qalzam/vendor/laravel/framework/src/Illuminate/Cookie/Middleware/EncryptCookies.php(67): Illuminate\\Pipeline\\Pipeline->Illuminate\\Pipeline\\{closure}()
#11 /home/badawy/Joovlly/qalzam/vendor/laravel/framework/src/Illuminate/Pipeline/Pipeline.php(167): Illuminate\\Cookie\\Middleware\\EncryptCookies->handle()
#12 /home/badawy/Joovlly/qalzam/vendor/laravel/framework/src/Illuminate/Pipeline/Pipeline.php(103): Illuminate\\Pipeline\\Pipeline->Illuminate\\Pipeline\\{closure}()
#13 /home/badawy/Joovlly/qalzam/vendor/laravel/framework/src/Illuminate/Routing/Router.php(697): Illuminate\\Pipeline\\Pipeline->then()
#14 /home/badawy/Joovlly/qalzam/vendor/laravel/framework/src/Illuminate/Routing/Router.php(672): Illuminate\\Routing\\Router->runRouteWithinStack()
#15 /home/badawy/Joovlly/qalzam/vendor/laravel/framework/src/Illuminate/Routing/Router.php(636): Illuminate\\Routing\\Router->runRoute()
#16 /home/badawy/Joovlly/qalzam/vendor/laravel/framework/src/Illuminate/Routing/Router.php(625): Illuminate\\Routing\\Router->dispatchToRoute()
#17 /home/badawy/Joovlly/qalzam/vendor/laravel/framework/src/Illuminate/Foundation/Http/Kernel.php(166): Illuminate\\Routing\\Router->dispatch()
#18 /home/badawy/Joovlly/qalzam/vendor/laravel/framework/src/Illuminate/Pipeline/Pipeline.php(128): Illuminate\\Foundation\\Http\\Kernel->Illuminate\\Foundation\\Http\\{closure}()
#19 /home/badawy/Joovlly/qalzam/vendor/laravel/framework/src/Illuminate/Foundation/Http/Middleware/TransformsRequest.php(21): Illuminate\\Pipeline\\Pipeline->Illuminate\\Pipeline\\{closure}()
#20 /home/badawy/Joovlly/qalzam/vendor/laravel/framework/src/Illuminate/Foundation/Http/Middleware/ConvertEmptyStringsToNull.php(31): Illuminate\\Foundation\\Http\\Middleware\\TransformsRequest->handle()
#21 /home/badawy/Joovlly/qalzam/vendor/laravel/framework/src/Illuminate/Pipeline/Pipeline.php(167): Illuminate\\Foundation\\Http\\Middleware\\ConvertEmptyStringsToNull->handle()
#22 /home/badawy/Joovlly/qalzam/vendor/laravel/framework/src/Illuminate/Foundation/Http/Middleware/TransformsRequest.php(21): Illuminate\\Pipeline\\Pipeline->Illuminate\\Pipeline\\{closure}()
#23 /home/badawy/Joovlly/qalzam/vendor/laravel/framework/src/Illuminate/Foundation/Http/Middleware/TrimStrings.php(40): Illuminate\\Foundation\\Http\\Middleware\\TransformsRequest->handle()
#24 /home/badawy/Joovlly/qalzam/vendor/laravel/framework/src/Illuminate/Pipeline/Pipeline.php(167): Illuminate\\Foundation\\Http\\Middleware\\TrimStrings->handle()
#25 /home/badawy/Joovlly/qalzam/vendor/laravel/framework/src/Illuminate/Foundation/Http/Middleware/ValidatePostSize.php(27): Illuminate\\Pipeline\\Pipeline->Illuminate\\Pipeline\\{closure}()
#26 /home/badawy/Joovlly/qalzam/vendor/laravel/framework/src/Illuminate/Pipeline/Pipeline.php(167): Illuminate\\Foundation\\Http\\Middleware\\ValidatePostSize->handle()
#27 /home/badawy/Joovlly/qalzam/vendor/laravel/framework/src/Illuminate/Foundation/Http/Middleware/PreventRequestsDuringMaintenance.php(86): Illuminate\\Pipeline\\Pipeline->Illuminate\\Pipeline\\{closure}()
#28 /home/badawy/Joovlly/qalzam/vendor/laravel/framework/src/Illuminate/Pipeline/Pipeline.php(167): Illuminate\\Foundation\\Http\\Middleware\\PreventRequestsDuringMaintenance->handle()
#29 /home/badawy/Joovlly/qalzam/vendor/fideloper/proxy/src/TrustProxies.php(57): Illuminate\\Pipeline\\Pipeline->Illuminate\\Pipeline\\{closure}()
#30 /home/badawy/Joovlly/qalzam/vendor/laravel/framework/src/Illuminate/Pipeline/Pipeline.php(167): Fideloper\\Proxy\\TrustProxies->handle()
#31 /home/badawy/Joovlly/qalzam/app/Common/Http/Middleware/Cors.php(18): Illuminate\\Pipeline\\Pipeline->Illuminate\\Pipeline\\{closure}()
#32 /home/badawy/Joovlly/qalzam/vendor/laravel/framework/src/Illuminate/Pipeline/Pipeline.php(167): App\\Common\\Http\\Middleware\\Cors->handle()
#33 /home/badawy/Joovlly/qalzam/vendor/laravel/framework/src/Illuminate/Pipeline/Pipeline.php(103): Illuminate\\Pipeline\\Pipeline->Illuminate\\Pipeline\\{closure}()
#34 /home/badawy/Joovlly/qalzam/vendor/laravel/framework/src/Illuminate/Foundation/Http/Kernel.php(141): Illuminate\\Pipeline\\Pipeline->then()
#35 /home/badawy/Joovlly/qalzam/vendor/laravel/framework/src/Illuminate/Foundation/Http/Kernel.php(110): Illuminate\\Foundation\\Http\\Kernel->sendRequestThroughRouter()
#36 /home/badawy/Joovlly/qalzam/public/index.php(52): Illuminate\\Foundation\\Http\\Kernel->handle()
#37 /home/badawy/Joovlly/qalzam/server.php(21): require_once('/home/badawy/Jo...')
#38 {main}
"} 
[2021-06-11 03:06:43] local.ERROR: SQLSTATE[HY000] [1049] Unknown database 'qalzam1' (SQL: select * from `branches` where `status` = active and `branches`.`id` = 6 limit 1) {"exception":"[object] (Illuminate\\Database\\QueryException(code: 1049): SQLSTATE[HY000] [1049] Unknown database 'qalzam1' (SQL: select * from `branches` where `status` = active and `branches`.`id` = 6 limit 1) at /home/badawy/Joovlly/qalzam/vendor/laravel/framework/src/Illuminate/Database/Connection.php:678)
[stacktrace]
#0 /home/badawy/Joovlly/qalzam/vendor/laravel/framework/src/Illuminate/Database/Connection.php(638): Illuminate\\Database\\Connection->runQueryCallback()
#1 /home/badawy/Joovlly/qalzam/vendor/laravel/framework/src/Illuminate/Database/Connection.php(346): Illuminate\\Database\\Connection->run()
#2 /home/badawy/Joovlly/qalzam/vendor/laravel/framework/src/Illuminate/Database/Query/Builder.php(2313): Illuminate\\Database\\Connection->select()
#3 /home/badawy/Joovlly/qalzam/vendor/laravel/framework/src/Illuminate/Database/Query/Builder.php(2301): Illuminate\\Database\\Query\\Builder->runSelect()
#4 /home/badawy/Joovlly/qalzam/vendor/laravel/framework/src/Illuminate/Database/Query/Builder.php(2796): Illuminate\\Database\\Query\\Builder->Illuminate\\Database\\Query\\{closure}()
#5 /home/badawy/Joovlly/qalzam/vendor/laravel/framework/src/Illuminate/Database/Query/Builder.php(2302): Illuminate\\Database\\Query\\Builder->onceWithColumns()
#6 /home/badawy/Joovlly/qalzam/vendor/laravel/framework/src/Illuminate/Database/Eloquent/Builder.php(588): Illuminate\\Database\\Query\\Builder->get()
#7 /home/badawy/Joovlly/qalzam/vendor/laravel/framework/src/Illuminate/Database/Eloquent/Builder.php(572): Illuminate\\Database\\Eloquent\\Builder->getModels()
#8 /home/badawy/Joovlly/qalzam/vendor/laravel/framework/src/Illuminate/Database/Concerns/BuildsQueries.php(242): Illuminate\\Database\\Eloquent\\Builder->get()
#9 /home/badawy/Joovlly/qalzam/vendor/laravel/framework/src/Illuminate/Database/Eloquent/Builder.php(376): Illuminate\\Database\\Eloquent\\Builder->first()
#10 /home/badawy/Joovlly/qalzam/vendor/laravel/framework/src/Illuminate/Database/Eloquent/Builder.php(408): Illuminate\\Database\\Eloquent\\Builder->find()
#11 /home/badawy/Joovlly/qalzam/vendor/prettus/l5-repository/src/Prettus/Repository/Eloquent/BaseRepository.php(514): Illuminate\\Database\\Eloquent\\Builder->findOrFail()
#12 /home/badawy/Joovlly/qalzam/app/Domain/Website/Http/Controllers/PagesController.php(84): Prettus\\Repository\\Eloquent\\BaseRepository->find()
#13 /home/badawy/Joovlly/qalzam/vendor/laravel/framework/src/Illuminate/Routing/Controller.php(54): App\\Domain\\Website\\Http\\Controllers\\PagesController->branch()
#14 /home/badawy/Joovlly/qalzam/vendor/laravel/framework/src/Illuminate/Routing/ControllerDispatcher.php(45): Illuminate\\Routing\\Controller->callAction()
#15 /home/badawy/Joovlly/qalzam/vendor/laravel/framework/src/Illuminate/Routing/Route.php(254): Illuminate\\Routing\\ControllerDispatcher->dispatch()
#16 /home/badawy/Joovlly/qalzam/vendor/laravel/framework/src/Illuminate/Routing/Route.php(197): Illuminate\\Routing\\Route->runController()
#17 /home/badawy/Joovlly/qalzam/vendor/laravel/framework/src/Illuminate/Routing/Router.php(695): Illuminate\\Routing\\Route->run()
#18 /home/badawy/Joovlly/qalzam/vendor/laravel/framework/src/Illuminate/Pipeline/Pipeline.php(128): Illuminate\\Routing\\Router->Illuminate\\Routing\\{closure}()
#19 /home/badawy/Joovlly/qalzam/app/Common/Http/Middleware/Lang.php(31): Illuminate\\Pipeline\\Pipeline->Illuminate\\Pipeline\\{closure}()
#20 /home/badawy/Joovlly/qalzam/vendor/laravel/framework/src/Illuminate/Pipeline/Pipeline.php(167): App\\Common\\Http\\Middleware\\Lang->handle()
#21 /home/badawy/Joovlly/qalzam/app/Common/Http/Middleware/OptimizeImages.php(37): Illuminate\\Pipeline\\Pipeline->Illuminate\\Pipeline\\{closure}()
#22 /home/badawy/Joovlly/qalzam/vendor/laravel/framework/src/Illuminate/Pipeline/Pipeline.php(167): App\\Common\\Http\\Middleware\\OptimizeImages->handle()
#23 /home/badawy/Joovlly/qalzam/vendor/laravel/framework/src/Illuminate/Routing/Middleware/SubstituteBindings.php(50): Illuminate\\Pipeline\\Pipeline->Illuminate\\Pipeline\\{closure}()
#24 /home/badawy/Joovlly/qalzam/vendor/laravel/framework/src/Illuminate/Pipeline/Pipeline.php(167): Illuminate\\Routing\\Middleware\\SubstituteBindings->handle()
#25 /home/badawy/Joovlly/qalzam/vendor/laravel/framework/src/Illuminate/Foundation/Http/Middleware/VerifyCsrfToken.php(78): Illuminate\\Pipeline\\Pipeline->Illuminate\\Pipeline\\{closure}()
#26 /home/badawy/Joovlly/qalzam/vendor/laravel/framework/src/Illuminate/Pipeline/Pipeline.php(167): Illuminate\\Foundation\\Http\\Middleware\\VerifyCsrfToken->handle()
#27 /home/badawy/Joovlly/qalzam/vendor/laravel/framework/src/Illuminate/Session/Middleware/AuthenticateSession.php(39): Illuminate\\Pipeline\\Pipeline->Illuminate\\Pipeline\\{closure}()
#28 /home/badawy/Joovlly/qalzam/vendor/laravel/framework/src/Illuminate/Pipeline/Pipeline.php(167): Illuminate\\Session\\Middleware\\AuthenticateSession->handle()
#29 /home/badawy/Joovlly/qalzam/vendor/laravel/framework/src/Illuminate/View/Middleware/ShareErrorsFromSession.php(49): Illuminate\\Pipeline\\Pipeline->Illuminate\\Pipeline\\{closure}()
#30 /home/badawy/Joovlly/qalzam/vendor/laravel/framework/src/Illuminate/Pipeline/Pipeline.php(167): Illuminate\\View\\Middleware\\ShareErrorsFromSession->handle()
#31 /home/badawy/Joovlly/qalzam/vendor/laravel/framework/src/Illuminate/Session/Middleware/StartSession.php(121): Illuminate\\Pipeline\\Pipeline->Illuminate\\Pipeline\\{closure}()
#32 /home/badawy/Joovlly/qalzam/vendor/laravel/framework/src/Illuminate/Session/Middleware/StartSession.php(64): Illuminate\\Session\\Middleware\\StartSession->handleStatefulRequest()
#33 /home/badawy/Joovlly/qalzam/vendor/laravel/framework/src/Illuminate/Pipeline/Pipeline.php(167): Illuminate\\Session\\Middleware\\StartSession->handle()
#34 /home/badawy/Joovlly/qalzam/vendor/laravel/framework/src/Illuminate/Cookie/Middleware/AddQueuedCookiesToResponse.php(37): Illuminate\\Pipeline\\Pipeline->Illuminate\\Pipeline\\{closure}()
#35 /home/badawy/Joovlly/qalzam/vendor/laravel/framework/src/Illuminate/Pipeline/Pipeline.php(167): Illuminate\\Cookie\\Middleware\\AddQueuedCookiesToResponse->handle()
#36 /home/badawy/Joovlly/qalzam/vendor/laravel/framework/src/Illuminate/Cookie/Middleware/EncryptCookies.php(67): Illuminate\\Pipeline\\Pipeline->Illuminate\\Pipeline\\{closure}()
#37 /home/badawy/Joovlly/qalzam/vendor/laravel/framework/src/Illuminate/Pipeline/Pipeline.php(167): Illuminate\\Cookie\\Middleware\\EncryptCookies->handle()
#38 /home/badawy/Joovlly/qalzam/vendor/laravel/framework/src/Illuminate/Pipeline/Pipeline.php(103): Illuminate\\Pipeline\\Pipeline->Illuminate\\Pipeline\\{closure}()
#39 /home/badawy/Joovlly/qalzam/vendor/laravel/framework/src/Illuminate/Routing/Router.php(697): Illuminate\\Pipeline\\Pipeline->then()
#40 /home/badawy/Joovlly/qalzam/vendor/laravel/framework/src/Illuminate/Routing/Router.php(672): Illuminate\\Routing\\Router->runRouteWithinStack()
#41 /home/badawy/Joovlly/qalzam/vendor/laravel/framework/src/Illuminate/Routing/Router.php(636): Illuminate\\Routing\\Router->runRoute()
#42 /home/badawy/Joovlly/qalzam/vendor/laravel/framework/src/Illuminate/Routing/Router.php(625): Illuminate\\Routing\\Router->dispatchToRoute()
#43 /home/badawy/Joovlly/qalzam/vendor/laravel/framework/src/Illuminate/Foundation/Http/Kernel.php(166): Illuminate\\Routing\\Router->dispatch()
#44 /home/badawy/Joovlly/qalzam/vendor/laravel/framework/src/Illuminate/Pipeline/Pipeline.php(128): Illuminate\\Foundation\\Http\\Kernel->Illuminate\\Foundation\\Http\\{closure}()
#45 /home/badawy/Joovlly/qalzam/vendor/laravel/framework/src/Illuminate/Foundation/Http/Middleware/TransformsRequest.php(21): Illuminate\\Pipeline\\Pipeline->Illuminate\\Pipeline\\{closure}()
#46 /home/badawy/Joovlly/qalzam/vendor/laravel/framework/src/Illuminate/Foundation/Http/Middleware/ConvertEmptyStringsToNull.php(31): Illuminate\\Foundation\\Http\\Middleware\\TransformsRequest->handle()
#47 /home/badawy/Joovlly/qalzam/vendor/laravel/framework/src/Illuminate/Pipeline/Pipeline.php(167): Illuminate\\Foundation\\Http\\Middleware\\ConvertEmptyStringsToNull->handle()
#48 /home/badawy/Joovlly/qalzam/vendor/laravel/framework/src/Illuminate/Foundation/Http/Middleware/TransformsRequest.php(21): Illuminate\\Pipeline\\Pipeline->Illuminate\\Pipeline\\{closure}()
#49 /home/badawy/Joovlly/qalzam/vendor/laravel/framework/src/Illuminate/Foundation/Http/Middleware/TrimStrings.php(40): Illuminate\\Foundation\\Http\\Middleware\\TransformsRequest->handle()
#50 /home/badawy/Joovlly/qalzam/vendor/laravel/framework/src/Illuminate/Pipeline/Pipeline.php(167): Illuminate\\Foundation\\Http\\Middleware\\TrimStrings->handle()
#51 /home/badawy/Joovlly/qalzam/vendor/laravel/framework/src/Illuminate/Foundation/Http/Middleware/ValidatePostSize.php(27): Illuminate\\Pipeline\\Pipeline->Illuminate\\Pipeline\\{closure}()
#52 /home/badawy/Joovlly/qalzam/vendor/laravel/framework/src/Illuminate/Pipeline/Pipeline.php(167): Illuminate\\Foundation\\Http\\Middleware\\ValidatePostSize->handle()
#53 /home/badawy/Joovlly/qalzam/vendor/laravel/framework/src/Illuminate/Foundation/Http/Middleware/PreventRequestsDuringMaintenance.php(86): Illuminate\\Pipeline\\Pipeline->Illuminate\\Pipeline\\{closure}()
#54 /home/badawy/Joovlly/qalzam/vendor/laravel/framework/src/Illuminate/Pipeline/Pipeline.php(167): Illuminate\\Foundation\\Http\\Middleware\\PreventRequestsDuringMaintenance->handle()
#55 /home/badawy/Joovlly/qalzam/vendor/fideloper/proxy/src/TrustProxies.php(57): Illuminate\\Pipeline\\Pipeline->Illuminate\\Pipeline\\{closure}()
#56 /home/badawy/Joovlly/qalzam/vendor/laravel/framework/src/Illuminate/Pipeline/Pipeline.php(167): Fideloper\\Proxy\\TrustProxies->handle()
#57 /home/badawy/Joovlly/qalzam/app/Common/Http/Middleware/Cors.php(18): Illuminate\\Pipeline\\Pipeline->Illuminate\\Pipeline\\{closure}()
#58 /home/badawy/Joovlly/qalzam/vendor/laravel/framework/src/Illuminate/Pipeline/Pipeline.php(167): App\\Common\\Http\\Middleware\\Cors->handle()
#59 /home/badawy/Joovlly/qalzam/vendor/laravel/framework/src/Illuminate/Pipeline/Pipeline.php(103): Illuminate\\Pipeline\\Pipeline->Illuminate\\Pipeline\\{closure}()
#60 /home/badawy/Joovlly/qalzam/vendor/laravel/framework/src/Illuminate/Foundation/Http/Kernel.php(141): Illuminate\\Pipeline\\Pipeline->then()
#61 /home/badawy/Joovlly/qalzam/vendor/laravel/framework/src/Illuminate/Foundation/Http/Kernel.php(110): Illuminate\\Foundation\\Http\\Kernel->sendRequestThroughRouter()
#62 /home/badawy/Joovlly/qalzam/public/index.php(52): Illuminate\\Foundation\\Http\\Kernel->handle()
#63 /home/badawy/Joovlly/qalzam/server.php(21): require_once('/home/badawy/Jo...')
#64 {main}

[previous exception] [object] (PDOException(code: 1049): SQLSTATE[HY000] [1049] Unknown database 'qalzam1' at /home/badawy/Joovlly/qalzam/vendor/laravel/framework/src/Illuminate/Database/Connectors/Connector.php:70)
[stacktrace]
#0 /home/badawy/Joovlly/qalzam/vendor/laravel/framework/src/Illuminate/Database/Connectors/Connector.php(70): PDO->__construct()
#1 /home/badawy/Joovlly/qalzam/vendor/laravel/framework/src/Illuminate/Database/Connectors/Connector.php(46): Illuminate\\Database\\Connectors\\Connector->createPdoConnection()
#2 /home/badawy/Joovlly/qalzam/vendor/laravel/framework/src/Illuminate/Database/Connectors/MySqlConnector.php(24): Illuminate\\Database\\Connectors\\Connector->createConnection()
#3 /home/badawy/Joovlly/qalzam/vendor/laravel/framework/src/Illuminate/Database/Connectors/ConnectionFactory.php(184): Illuminate\\Database\\Connectors\\MySqlConnector->connect()
#4 [internal function]: Illuminate\\Database\\Connectors\\ConnectionFactory->Illuminate\\Database\\Connectors\\{closure}()
#5 /home/badawy/Joovlly/qalzam/vendor/laravel/framework/src/Illuminate/Database/Connection.php(949): call_user_func()
#6 /home/badawy/Joovlly/qalzam/vendor/laravel/framework/src/Illuminate/Database/Connection.php(984): Illuminate\\Database\\Connection->getPdo()
#7 /home/badawy/Joovlly/qalzam/vendor/laravel/framework/src/Illuminate/Database/Connection.php(412): Illuminate\\Database\\Connection->getReadPdo()
#8 /home/badawy/Joovlly/qalzam/vendor/laravel/framework/src/Illuminate/Database/Connection.php(338): Illuminate\\Database\\Connection->getPdoForSelect()
#9 /home/badawy/Joovlly/qalzam/vendor/laravel/framework/src/Illuminate/Database/Connection.php(671): Illuminate\\Database\\Connection->Illuminate\\Database\\{closure}()
#10 /home/badawy/Joovlly/qalzam/vendor/laravel/framework/src/Illuminate/Database/Connection.php(638): Illuminate\\Database\\Connection->runQueryCallback()
#11 /home/badawy/Joovlly/qalzam/vendor/laravel/framework/src/Illuminate/Database/Connection.php(346): Illuminate\\Database\\Connection->run()
#12 /home/badawy/Joovlly/qalzam/vendor/laravel/framework/src/Illuminate/Database/Query/Builder.php(2313): Illuminate\\Database\\Connection->select()
#13 /home/badawy/Joovlly/qalzam/vendor/laravel/framework/src/Illuminate/Database/Query/Builder.php(2301): Illuminate\\Database\\Query\\Builder->runSelect()
#14 /home/badawy/Joovlly/qalzam/vendor/laravel/framework/src/Illuminate/Database/Query/Builder.php(2796): Illuminate\\Database\\Query\\Builder->Illuminate\\Database\\Query\\{closure}()
#15 /home/badawy/Joovlly/qalzam/vendor/laravel/framework/src/Illuminate/Database/Query/Builder.php(2302): Illuminate\\Database\\Query\\Builder->onceWithColumns()
#16 /home/badawy/Joovlly/qalzam/vendor/laravel/framework/src/Illuminate/Database/Eloquent/Builder.php(588): Illuminate\\Database\\Query\\Builder->get()
#17 /home/badawy/Joovlly/qalzam/vendor/laravel/framework/src/Illuminate/Database/Eloquent/Builder.php(572): Illuminate\\Database\\Eloquent\\Builder->getModels()
#18 /home/badawy/Joovlly/qalzam/vendor/laravel/framework/src/Illuminate/Database/Concerns/BuildsQueries.php(242): Illuminate\\Database\\Eloquent\\Builder->get()
#19 /home/badawy/Joovlly/qalzam/vendor/laravel/framework/src/Illuminate/Database/Eloquent/Builder.php(376): Illuminate\\Database\\Eloquent\\Builder->first()
#20 /home/badawy/Joovlly/qalzam/vendor/laravel/framework/src/Illuminate/Database/Eloquent/Builder.php(408): Illuminate\\Database\\Eloquent\\Builder->find()
#21 /home/badawy/Joovlly/qalzam/vendor/prettus/l5-repository/src/Prettus/Repository/Eloquent/BaseRepository.php(514): Illuminate\\Database\\Eloquent\\Builder->findOrFail()
#22 /home/badawy/Joovlly/qalzam/app/Domain/Website/Http/Controllers/PagesController.php(84): Prettus\\Repository\\Eloquent\\BaseRepository->find()
#23 /home/badawy/Joovlly/qalzam/vendor/laravel/framework/src/Illuminate/Routing/Controller.php(54): App\\Domain\\Website\\Http\\Controllers\\PagesController->branch()
#24 /home/badawy/Joovlly/qalzam/vendor/laravel/framework/src/Illuminate/Routing/ControllerDispatcher.php(45): Illuminate\\Routing\\Controller->callAction()
#25 /home/badawy/Joovlly/qalzam/vendor/laravel/framework/src/Illuminate/Routing/Route.php(254): Illuminate\\Routing\\ControllerDispatcher->dispatch()
#26 /home/badawy/Joovlly/qalzam/vendor/laravel/framework/src/Illuminate/Routing/Route.php(197): Illuminate\\Routing\\Route->runController()
#27 /home/badawy/Joovlly/qalzam/vendor/laravel/framework/src/Illuminate/Routing/Router.php(695): Illuminate\\Routing\\Route->run()
#28 /home/badawy/Joovlly/qalzam/vendor/laravel/framework/src/Illuminate/Pipeline/Pipeline.php(128): Illuminate\\Routing\\Router->Illuminate\\Routing\\{closure}()
#29 /home/badawy/Joovlly/qalzam/app/Common/Http/Middleware/Lang.php(31): Illuminate\\Pipeline\\Pipeline->Illuminate\\Pipeline\\{closure}()
#30 /home/badawy/Joovlly/qalzam/vendor/laravel/framework/src/Illuminate/Pipeline/Pipeline.php(167): App\\Common\\Http\\Middleware\\Lang->handle()
#31 /home/badawy/Joovlly/qalzam/app/Common/Http/Middleware/OptimizeImages.php(37): Illuminate\\Pipeline\\Pipeline->Illuminate\\Pipeline\\{closure}()
#32 /home/badawy/Joovlly/qalzam/vendor/laravel/framework/src/Illuminate/Pipeline/Pipeline.php(167): App\\Common\\Http\\Middleware\\OptimizeImages->handle()
#33 /home/badawy/Joovlly/qalzam/vendor/laravel/framework/src/Illuminate/Routing/Middleware/SubstituteBindings.php(50): Illuminate\\Pipeline\\Pipeline->Illuminate\\Pipeline\\{closure}()
#34 /home/badawy/Joovlly/qalzam/vendor/laravel/framework/src/Illuminate/Pipeline/Pipeline.php(167): Illuminate\\Routing\\Middleware\\SubstituteBindings->handle()
#35 /home/badawy/Joovlly/qalzam/vendor/laravel/framework/src/Illuminate/Foundation/Http/Middleware/VerifyCsrfToken.php(78): Illuminate\\Pipeline\\Pipeline->Illuminate\\Pipeline\\{closure}()
#36 /home/badawy/Joovlly/qalzam/vendor/laravel/framework/src/Illuminate/Pipeline/Pipeline.php(167): Illuminate\\Foundation\\Http\\Middleware\\VerifyCsrfToken->handle()
#37 /home/badawy/Joovlly/qalzam/vendor/laravel/framework/src/Illuminate/Session/Middleware/AuthenticateSession.php(39): Illuminate\\Pipeline\\Pipeline->Illuminate\\Pipeline\\{closure}()
#38 /home/badawy/Joovlly/qalzam/vendor/laravel/framework/src/Illuminate/Pipeline/Pipeline.php(167): Illuminate\\Session\\Middleware\\AuthenticateSession->handle()
#39 /home/badawy/Joovlly/qalzam/vendor/laravel/framework/src/Illuminate/View/Middleware/ShareErrorsFromSession.php(49): Illuminate\\Pipeline\\Pipeline->Illuminate\\Pipeline\\{closure}()
#40 /home/badawy/Joovlly/qalzam/vendor/laravel/framework/src/Illuminate/Pipeline/Pipeline.php(167): Illuminate\\View\\Middleware\\ShareErrorsFromSession->handle()
#41 /home/badawy/Joovlly/qalzam/vendor/laravel/framework/src/Illuminate/Session/Middleware/StartSession.php(121): Illuminate\\Pipeline\\Pipeline->Illuminate\\Pipeline\\{closure}()
#42 /home/badawy/Joovlly/qalzam/vendor/laravel/framework/src/Illuminate/Session/Middleware/StartSession.php(64): Illuminate\\Session\\Middleware\\StartSession->handleStatefulRequest()
#43 /home/badawy/Joovlly/qalzam/vendor/laravel/framework/src/Illuminate/Pipeline/Pipeline.php(167): Illuminate\\Session\\Middleware\\StartSession->handle()
#44 /home/badawy/Joovlly/qalzam/vendor/laravel/framework/src/Illuminate/Cookie/Middleware/AddQueuedCookiesToResponse.php(37): Illuminate\\Pipeline\\Pipeline->Illuminate\\Pipeline\\{closure}()
#45 /home/badawy/Joovlly/qalzam/vendor/laravel/framework/src/Illuminate/Pipeline/Pipeline.php(167): Illuminate\\Cookie\\Middleware\\AddQueuedCookiesToResponse->handle()
#46 /home/badawy/Joovlly/qalzam/vendor/laravel/framework/src/Illuminate/Cookie/Middleware/EncryptCookies.php(67): Illuminate\\Pipeline\\Pipeline->Illuminate\\Pipeline\\{closure}()
#47 /home/badawy/Joovlly/qalzam/vendor/laravel/framework/src/Illuminate/Pipeline/Pipeline.php(167): Illuminate\\Cookie\\Middleware\\EncryptCookies->handle()
#48 /home/badawy/Joovlly/qalzam/vendor/laravel/framework/src/Illuminate/Pipeline/Pipeline.php(103): Illuminate\\Pipeline\\Pipeline->Illuminate\\Pipeline\\{closure}()
#49 /home/badawy/Joovlly/qalzam/vendor/laravel/framework/src/Illuminate/Routing/Router.php(697): Illuminate\\Pipeline\\Pipeline->then()
#50 /home/badawy/Joovlly/qalzam/vendor/laravel/framework/src/Illuminate/Routing/Router.php(672): Illuminate\\Routing\\Router->runRouteWithinStack()
#51 /home/badawy/Joovlly/qalzam/vendor/laravel/framework/src/Illuminate/Routing/Router.php(636): Illuminate\\Routing\\Router->runRoute()
#52 /home/badawy/Joovlly/qalzam/vendor/laravel/framework/src/Illuminate/Routing/Router.php(625): Illuminate\\Routing\\Router->dispatchToRoute()
#53 /home/badawy/Joovlly/qalzam/vendor/laravel/framework/src/Illuminate/Foundation/Http/Kernel.php(166): Illuminate\\Routing\\Router->dispatch()
#54 /home/badawy/Joovlly/qalzam/vendor/laravel/framework/src/Illuminate/Pipeline/Pipeline.php(128): Illuminate\\Foundation\\Http\\Kernel->Illuminate\\Foundation\\Http\\{closure}()
#55 /home/badawy/Joovlly/qalzam/vendor/laravel/framework/src/Illuminate/Foundation/Http/Middleware/TransformsRequest.php(21): Illuminate\\Pipeline\\Pipeline->Illuminate\\Pipeline\\{closure}()
#56 /home/badawy/Joovlly/qalzam/vendor/laravel/framework/src/Illuminate/Foundation/Http/Middleware/ConvertEmptyStringsToNull.php(31): Illuminate\\Foundation\\Http\\Middleware\\TransformsRequest->handle()
#57 /home/badawy/Joovlly/qalzam/vendor/laravel/framework/src/Illuminate/Pipeline/Pipeline.php(167): Illuminate\\Foundation\\Http\\Middleware\\ConvertEmptyStringsToNull->handle()
#58 /home/badawy/Joovlly/qalzam/vendor/laravel/framework/src/Illuminate/Foundation/Http/Middleware/TransformsRequest.php(21): Illuminate\\Pipeline\\Pipeline->Illuminate\\Pipeline\\{closure}()
#59 /home/badawy/Joovlly/qalzam/vendor/laravel/framework/src/Illuminate/Foundation/Http/Middleware/TrimStrings.php(40): Illuminate\\Foundation\\Http\\Middleware\\TransformsRequest->handle()
#60 /home/badawy/Joovlly/qalzam/vendor/laravel/framework/src/Illuminate/Pipeline/Pipeline.php(167): Illuminate\\Foundation\\Http\\Middleware\\TrimStrings->handle()
#61 /home/badawy/Joovlly/qalzam/vendor/laravel/framework/src/Illuminate/Foundation/Http/Middleware/ValidatePostSize.php(27): Illuminate\\Pipeline\\Pipeline->Illuminate\\Pipeline\\{closure}()
#62 /home/badawy/Joovlly/qalzam/vendor/laravel/framework/src/Illuminate/Pipeline/Pipeline.php(167): Illuminate\\Foundation\\Http\\Middleware\\ValidatePostSize->handle()
#63 /home/badawy/Joovlly/qalzam/vendor/laravel/framework/src/Illuminate/Foundation/Http/Middleware/PreventRequestsDuringMaintenance.php(86): Illuminate\\Pipeline\\Pipeline->Illuminate\\Pipeline\\{closure}()
#64 /home/badawy/Joovlly/qalzam/vendor/laravel/framework/src/Illuminate/Pipeline/Pipeline.php(167): Illuminate\\Foundation\\Http\\Middleware\\PreventRequestsDuringMaintenance->handle()
#65 /home/badawy/Joovlly/qalzam/vendor/fideloper/proxy/src/TrustProxies.php(57): Illuminate\\Pipeline\\Pipeline->Illuminate\\Pipeline\\{closure}()
#66 /home/badawy/Joovlly/qalzam/vendor/laravel/framework/src/Illuminate/Pipeline/Pipeline.php(167): Fideloper\\Proxy\\TrustProxies->handle()
#67 /home/badawy/Joovlly/qalzam/app/Common/Http/Middleware/Cors.php(18): Illuminate\\Pipeline\\Pipeline->Illuminate\\Pipeline\\{closure}()
#68 /home/badawy/Joovlly/qalzam/vendor/laravel/framework/src/Illuminate/Pipeline/Pipeline.php(167): App\\Common\\Http\\Middleware\\Cors->handle()
#69 /home/badawy/Joovlly/qalzam/vendor/laravel/framework/src/Illuminate/Pipeline/Pipeline.php(103): Illuminate\\Pipeline\\Pipeline->Illuminate\\Pipeline\\{closure}()
#70 /home/badawy/Joovlly/qalzam/vendor/laravel/framework/src/Illuminate/Foundation/Http/Kernel.php(141): Illuminate\\Pipeline\\Pipeline->then()
#71 /home/badawy/Joovlly/qalzam/vendor/laravel/framework/src/Illuminate/Foundation/Http/Kernel.php(110): Illuminate\\Foundation\\Http\\Kernel->sendRequestThroughRouter()
#72 /home/badawy/Joovlly/qalzam/public/index.php(52): Illuminate\\Foundation\\Http\\Kernel->handle()
#73 /home/badawy/Joovlly/qalzam/server.php(21): require_once('/home/badawy/Jo...')
#74 {main}
"} 
[2021-06-11 03:06:43] local.ERROR: file_put_contents(M:\other things\joovlly\qalzam\serverSide\storage\framework/sessions/KEZLElCLX3aCgeeG3EToO0XWaFWxa012yHYBj0rV): failed to open stream: No such file or directory {"exception":"[object] (ErrorException(code: 0): file_put_contents(M:\\other things\\joovlly\\qalzam\\serverSide\\storage\\framework/sessions/KEZLElCLX3aCgeeG3EToO0XWaFWxa012yHYBj0rV): failed to open stream: No such file or directory at /home/badawy/Joovlly/qalzam/vendor/laravel/framework/src/Illuminate/Filesystem/Filesystem.php:185)
[stacktrace]
#0 [internal function]: Illuminate\\Foundation\\Bootstrap\\HandleExceptions->handleError()
#1 /home/badawy/Joovlly/qalzam/vendor/laravel/framework/src/Illuminate/Filesystem/Filesystem.php(185): file_put_contents()
#2 /home/badawy/Joovlly/qalzam/vendor/laravel/framework/src/Illuminate/Session/FileSessionHandler.php(83): Illuminate\\Filesystem\\Filesystem->put()
#3 /home/badawy/Joovlly/qalzam/vendor/laravel/framework/src/Illuminate/Session/Store.php(129): Illuminate\\Session\\FileSessionHandler->write()
#4 /home/badawy/Joovlly/qalzam/vendor/laravel/framework/src/Illuminate/Session/Middleware/StartSession.php(236): Illuminate\\Session\\Store->save()
#5 /home/badawy/Joovlly/qalzam/vendor/laravel/framework/src/Illuminate/Session/Middleware/StartSession.php(130): Illuminate\\Session\\Middleware\\StartSession->saveSession()
#6 /home/badawy/Joovlly/qalzam/vendor/laravel/framework/src/Illuminate/Session/Middleware/StartSession.php(64): Illuminate\\Session\\Middleware\\StartSession->handleStatefulRequest()
#7 /home/badawy/Joovlly/qalzam/vendor/laravel/framework/src/Illuminate/Pipeline/Pipeline.php(167): Illuminate\\Session\\Middleware\\StartSession->handle()
#8 /home/badawy/Joovlly/qalzam/vendor/laravel/framework/src/Illuminate/Cookie/Middleware/AddQueuedCookiesToResponse.php(37): Illuminate\\Pipeline\\Pipeline->Illuminate\\Pipeline\\{closure}()
#9 /home/badawy/Joovlly/qalzam/vendor/laravel/framework/src/Illuminate/Pipeline/Pipeline.php(167): Illuminate\\Cookie\\Middleware\\AddQueuedCookiesToResponse->handle()
#10 /home/badawy/Joovlly/qalzam/vendor/laravel/framework/src/Illuminate/Cookie/Middleware/EncryptCookies.php(67): Illuminate\\Pipeline\\Pipeline->Illuminate\\Pipeline\\{closure}()
#11 /home/badawy/Joovlly/qalzam/vendor/laravel/framework/src/Illuminate/Pipeline/Pipeline.php(167): Illuminate\\Cookie\\Middleware\\EncryptCookies->handle()
#12 /home/badawy/Joovlly/qalzam/vendor/laravel/framework/src/Illuminate/Pipeline/Pipeline.php(103): Illuminate\\Pipeline\\Pipeline->Illuminate\\Pipeline\\{closure}()
#13 /home/badawy/Joovlly/qalzam/vendor/laravel/framework/src/Illuminate/Routing/Router.php(697): Illuminate\\Pipeline\\Pipeline->then()
#14 /home/badawy/Joovlly/qalzam/vendor/laravel/framework/src/Illuminate/Routing/Router.php(672): Illuminate\\Routing\\Router->runRouteWithinStack()
#15 /home/badawy/Joovlly/qalzam/vendor/laravel/framework/src/Illuminate/Routing/Router.php(636): Illuminate\\Routing\\Router->runRoute()
#16 /home/badawy/Joovlly/qalzam/vendor/laravel/framework/src/Illuminate/Routing/Router.php(625): Illuminate\\Routing\\Router->dispatchToRoute()
#17 /home/badawy/Joovlly/qalzam/vendor/laravel/framework/src/Illuminate/Foundation/Http/Kernel.php(166): Illuminate\\Routing\\Router->dispatch()
#18 /home/badawy/Joovlly/qalzam/vendor/laravel/framework/src/Illuminate/Pipeline/Pipeline.php(128): Illuminate\\Foundation\\Http\\Kernel->Illuminate\\Foundation\\Http\\{closure}()
#19 /home/badawy/Joovlly/qalzam/vendor/laravel/framework/src/Illuminate/Foundation/Http/Middleware/TransformsRequest.php(21): Illuminate\\Pipeline\\Pipeline->Illuminate\\Pipeline\\{closure}()
#20 /home/badawy/Joovlly/qalzam/vendor/laravel/framework/src/Illuminate/Foundation/Http/Middleware/ConvertEmptyStringsToNull.php(31): Illuminate\\Foundation\\Http\\Middleware\\TransformsRequest->handle()
#21 /home/badawy/Joovlly/qalzam/vendor/laravel/framework/src/Illuminate/Pipeline/Pipeline.php(167): Illuminate\\Foundation\\Http\\Middleware\\ConvertEmptyStringsToNull->handle()
#22 /home/badawy/Joovlly/qalzam/vendor/laravel/framework/src/Illuminate/Foundation/Http/Middleware/TransformsRequest.php(21): Illuminate\\Pipeline\\Pipeline->Illuminate\\Pipeline\\{closure}()
#23 /home/badawy/Joovlly/qalzam/vendor/laravel/framework/src/Illuminate/Foundation/Http/Middleware/TrimStrings.php(40): Illuminate\\Foundation\\Http\\Middleware\\TransformsRequest->handle()
#24 /home/badawy/Joovlly/qalzam/vendor/laravel/framework/src/Illuminate/Pipeline/Pipeline.php(167): Illuminate\\Foundation\\Http\\Middleware\\TrimStrings->handle()
#25 /home/badawy/Joovlly/qalzam/vendor/laravel/framework/src/Illuminate/Foundation/Http/Middleware/ValidatePostSize.php(27): Illuminate\\Pipeline\\Pipeline->Illuminate\\Pipeline\\{closure}()
#26 /home/badawy/Joovlly/qalzam/vendor/laravel/framework/src/Illuminate/Pipeline/Pipeline.php(167): Illuminate\\Foundation\\Http\\Middleware\\ValidatePostSize->handle()
#27 /home/badawy/Joovlly/qalzam/vendor/laravel/framework/src/Illuminate/Foundation/Http/Middleware/PreventRequestsDuringMaintenance.php(86): Illuminate\\Pipeline\\Pipeline->Illuminate\\Pipeline\\{closure}()
#28 /home/badawy/Joovlly/qalzam/vendor/laravel/framework/src/Illuminate/Pipeline/Pipeline.php(167): Illuminate\\Foundation\\Http\\Middleware\\PreventRequestsDuringMaintenance->handle()
#29 /home/badawy/Joovlly/qalzam/vendor/fideloper/proxy/src/TrustProxies.php(57): Illuminate\\Pipeline\\Pipeline->Illuminate\\Pipeline\\{closure}()
#30 /home/badawy/Joovlly/qalzam/vendor/laravel/framework/src/Illuminate/Pipeline/Pipeline.php(167): Fideloper\\Proxy\\TrustProxies->handle()
#31 /home/badawy/Joovlly/qalzam/app/Common/Http/Middleware/Cors.php(18): Illuminate\\Pipeline\\Pipeline->Illuminate\\Pipeline\\{closure}()
#32 /home/badawy/Joovlly/qalzam/vendor/laravel/framework/src/Illuminate/Pipeline/Pipeline.php(167): App\\Common\\Http\\Middleware\\Cors->handle()
#33 /home/badawy/Joovlly/qalzam/vendor/laravel/framework/src/Illuminate/Pipeline/Pipeline.php(103): Illuminate\\Pipeline\\Pipeline->Illuminate\\Pipeline\\{closure}()
#34 /home/badawy/Joovlly/qalzam/vendor/laravel/framework/src/Illuminate/Foundation/Http/Kernel.php(141): Illuminate\\Pipeline\\Pipeline->then()
#35 /home/badawy/Joovlly/qalzam/vendor/laravel/framework/src/Illuminate/Foundation/Http/Kernel.php(110): Illuminate\\Foundation\\Http\\Kernel->sendRequestThroughRouter()
#36 /home/badawy/Joovlly/qalzam/public/index.php(52): Illuminate\\Foundation\\Http\\Kernel->handle()
#37 /home/badawy/Joovlly/qalzam/server.php(21): require_once('/home/badawy/Jo...')
#38 {main}
"} 
[2021-06-11 03:06:45] local.ERROR: SQLSTATE[HY000] [1049] Unknown database 'qalzam1' (SQL: select count(*) as aggregate from `branches`) {"exception":"[object] (Illuminate\\Database\\QueryException(code: 1049): SQLSTATE[HY000] [1049] Unknown database 'qalzam1' (SQL: select count(*) as aggregate from `branches`) at /home/badawy/Joovlly/qalzam/vendor/laravel/framework/src/Illuminate/Database/Connection.php:678)

[stacktrace]
#0 /home/badawy/Joovlly/qalzam/vendor/laravel/framework/src/Illuminate/Database/Connection.php(638): Illuminate\\Database\\Connection->runQueryCallback()
#1 /home/badawy/Joovlly/qalzam/vendor/laravel/framework/src/Illuminate/Database/Connection.php(346): Illuminate\\Database\\Connection->run()
#2 /home/badawy/Joovlly/qalzam/vendor/laravel/framework/src/Illuminate/Database/Query/Builder.php(2313): Illuminate\\Database\\Connection->select()
#3 /home/badawy/Joovlly/qalzam/vendor/laravel/framework/src/Illuminate/Database/Query/Builder.php(2301): Illuminate\\Database\\Query\\Builder->runSelect()
#4 /home/badawy/Joovlly/qalzam/vendor/laravel/framework/src/Illuminate/Database/Query/Builder.php(2796): Illuminate\\Database\\Query\\Builder->Illuminate\\Database\\Query\\{closure}()
#5 /home/badawy/Joovlly/qalzam/vendor/laravel/framework/src/Illuminate/Database/Query/Builder.php(2302): Illuminate\\Database\\Query\\Builder->onceWithColumns()
#6 /home/badawy/Joovlly/qalzam/vendor/laravel/framework/src/Illuminate/Database/Query/Builder.php(2412): Illuminate\\Database\\Query\\Builder->get()
#7 /home/badawy/Joovlly/qalzam/vendor/laravel/framework/src/Illuminate/Database/Query/Builder.php(2371): Illuminate\\Database\\Query\\Builder->runPaginationCountQuery()
#8 /home/badawy/Joovlly/qalzam/vendor/laravel/framework/src/Illuminate/Database/Eloquent/Builder.php(771): Illuminate\\Database\\Query\\Builder->getCountForPagination()
#9 /home/badawy/Joovlly/qalzam/vendor/laravel/framework/src/Illuminate/Support/Traits/ForwardsCalls.php(23): Illuminate\\Database\\Eloquent\\Builder->paginate()
#10 /home/badawy/Joovlly/qalzam/vendor/spatie/laravel-query-builder/src/QueryBuilder.php(109): Spatie\\QueryBuilder\\QueryBuilder->forwardCallTo()
#11 /home/badawy/Joovlly/qalzam/vendor/prettus/l5-repository/src/Prettus/Repository/Eloquent/BaseRepository.php(482): Spatie\\QueryBuilder\\QueryBuilder->__call()

#12 /home/badawy/Joovlly/qalzam/app/Domain/Website/Http/Controllers/PagesController.php(62): Prettus\\Repository\\Eloquent\\BaseRepository->paginate()
#13 /home/badawy/Joovlly/qalzam/vendor/laravel/framework/src/Illuminate/Routing/Controller.php(54): App\\Domain\\Website\\Http\\Controllers\\PagesController->branches()
#14 /home/badawy/Joovlly/qalzam/vendor/laravel/framework/src/Illuminate/Routing/ControllerDispatcher.php(45): Illuminate\\Routing\\Controller->callAction()
#15 /home/badawy/Joovlly/qalzam/vendor/laravel/framework/src/Illuminate/Routing/Route.php(254): Illuminate\\Routing\\ControllerDispatcher->dispatch()
#16 /home/badawy/Joovlly/qalzam/vendor/laravel/framework/src/Illuminate/Routing/Route.php(197): Illuminate\\Routing\\Route->runController()
#17 /home/badawy/Joovlly/qalzam/vendor/laravel/framework/src/Illuminate/Routing/Router.php(695): Illuminate\\Routing\\Route->run()
#18 /home/badawy/Joovlly/qalzam/vendor/laravel/framework/src/Illuminate/Pipeline/Pipeline.php(128): Illuminate\\Routing\\Router->Illuminate\\Routing\\{closure}()
#19 /home/badawy/Joovlly/qalzam/app/Common/Http/Middleware/Lang.php(31): Illuminate\\Pipeline\\Pipeline->Illuminate\\Pipeline\\{closure}()
#20 /home/badawy/Joovlly/qalzam/vendor/laravel/framework/src/Illuminate/Pipeline/Pipeline.php(167): App\\Common\\Http\\Middleware\\Lang->handle()
#21 /home/badawy/Joovlly/qalzam/app/Common/Http/Middleware/OptimizeImages.php(37): Illuminate\\Pipeline\\Pipeline->Illuminate\\Pipeline\\{closure}()
#22 /home/badawy/Joovlly/qalzam/vendor/laravel/framework/src/Illuminate/Pipeline/Pipeline.php(167): App\\Common\\Http\\Middleware\\OptimizeImages->handle()
#23 /home/badawy/Joovlly/qalzam/vendor/laravel/framework/src/Illuminate/Routing/Middleware/SubstituteBindings.php(50): Illuminate\\Pipeline\\Pipeline->Illuminate\\Pipeline\\{closure}()
#24 /home/badawy/Joovlly/qalzam/vendor/laravel/framework/src/Illuminate/Pipeline/Pipeline.php(167): Illuminate\\Routing\\Middleware\\SubstituteBindings->handle()
#25 /home/badawy/Joovlly/qalzam/vendor/laravel/framework/src/Illuminate/Foundation/Http/Middleware/VerifyCsrfToken.php(78): Illuminate\\Pipeline\\Pipeline->Illuminate\\Pipeline\\{closure}()
#26 /home/badawy/Joovlly/qalzam/vendor/laravel/framework/src/Illuminate/Pipeline/Pipeline.php(167): Illuminate\\Foundation\\Http\\Middleware\\VerifyCsrfToken->handle()
#27 /home/badawy/Joovlly/qalzam/vendor/laravel/framework/src/Illuminate/Session/Middleware/AuthenticateSession.php(39): Illuminate\\Pipeline\\Pipeline->Illuminate\\Pipeline\\{closure}()
#28 /home/badawy/Joovlly/qalzam/vendor/laravel/framework/src/Illuminate/Pipeline/Pipeline.php(167): Illuminate\\Session\\Middleware\\AuthenticateSession->handle()
#29 /home/badawy/Joovlly/qalzam/vendor/laravel/framework/src/Illuminate/View/Middleware/ShareErrorsFromSession.php(49): Illuminate\\Pipeline\\Pipeline->Illuminate\\Pipeline\\{closure}()
#30 /home/badawy/Joovlly/qalzam/vendor/laravel/framework/src/Illuminate/Pipeline/Pipeline.php(167): Illuminate\\View\\Middleware\\ShareErrorsFromSession->handle()
#31 /home/badawy/Joovlly/qalzam/vendor/laravel/framework/src/Illuminate/Session/Middleware/StartSession.php(121): Illuminate\\Pipeline\\Pipeline->Illuminate\\Pipeline\\{closure}()
#32 /home/badawy/Joovlly/qalzam/vendor/laravel/framework/src/Illuminate/Session/Middleware/StartSession.php(64): Illuminate\\Session\\Middleware\\StartSession->handleStatefulRequest()
#33 /home/badawy/Joovlly/qalzam/vendor/laravel/framework/src/Illuminate/Pipeline/Pipeline.php(167): Illuminate\\Session\\Middleware\\StartSession->handle()
#34 /home/badawy/Joovlly/qalzam/vendor/laravel/framework/src/Illuminate/Cookie/Middleware/AddQueuedCookiesToResponse.php(37): Illuminate\\Pipeline\\Pipeline->Illuminate\\Pipeline\\{closure}()
#35 /home/badawy/Joovlly/qalzam/vendor/laravel/framework/src/Illuminate/Pipeline/Pipeline.php(167): Illuminate\\Cookie\\Middleware\\AddQueuedCookiesToResponse->handle()
#36 /home/badawy/Joovlly/qalzam/vendor/laravel/framework/src/Illuminate/Cookie/Middleware/EncryptCookies.php(67): Illuminate\\Pipeline\\Pipeline->Illuminate\\Pipeline\\{closure}()
#37 /home/badawy/Joovlly/qalzam/vendor/laravel/framework/src/Illuminate/Pipeline/Pipeline.php(167): Illuminate\\Cookie\\Middleware\\EncryptCookies->handle()
#38 /home/badawy/Joovlly/qalzam/vendor/laravel/framework/src/Illuminate/Pipeline/Pipeline.php(103): Illuminate\\Pipeline\\Pipeline->Illuminate\\Pipeline\\{closure}()
#39 /home/badawy/Joovlly/qalzam/vendor/laravel/framework/src/Illuminate/Routing/Router.php(697): Illuminate\\Pipeline\\Pipeline->then()
#40 /home/badawy/Joovlly/qalzam/vendor/laravel/framework/src/Illuminate/Routing/Router.php(672): Illuminate\\Routing\\Router->runRouteWithinStack()
#41 /home/badawy/Joovlly/qalzam/vendor/laravel/framework/src/Illuminate/Routing/Router.php(636): Illuminate\\Routing\\Router->runRoute()
#42 /home/badawy/Joovlly/qalzam/vendor/laravel/framework/src/Illuminate/Routing/Router.php(625): Illuminate\\Routing\\Router->dispatchToRoute()
#43 /home/badawy/Joovlly/qalzam/vendor/laravel/framework/src/Illuminate/Foundation/Http/Kernel.php(166): Illuminate\\Routing\\Router->dispatch()
#44 /home/badawy/Joovlly/qalzam/vendor/laravel/framework/src/Illuminate/Pipeline/Pipeline.php(128): Illuminate\\Foundation\\Http\\Kernel->Illuminate\\Foundation\\Http\\{closure}()
#45 /home/badawy/Joovlly/qalzam/vendor/laravel/framework/src/Illuminate/Foundation/Http/Middleware/TransformsRequest.php(21): Illuminate\\Pipeline\\Pipeline->Illuminate\\Pipeline\\{closure}()
#46 /home/badawy/Joovlly/qalzam/vendor/laravel/framework/src/Illuminate/Foundation/Http/Middleware/ConvertEmptyStringsToNull.php(31): Illuminate\\Foundation\\Http\\Middleware\\TransformsRequest->handle()
#47 /home/badawy/Joovlly/qalzam/vendor/laravel/framework/src/Illuminate/Pipeline/Pipeline.php(167): Illuminate\\Foundation\\Http\\Middleware\\ConvertEmptyStringsToNull->handle()
#48 /home/badawy/Joovlly/qalzam/vendor/laravel/framework/src/Illuminate/Foundation/Http/Middleware/TransformsRequest.php(21): Illuminate\\Pipeline\\Pipeline->Illuminate\\Pipeline\\{closure}()
#49 /home/badawy/Joovlly/qalzam/vendor/laravel/framework/src/Illuminate/Foundation/Http/Middleware/TrimStrings.php(40): Illuminate\\Foundation\\Http\\Middleware\\TransformsRequest->handle()
#50 /home/badawy/Joovlly/qalzam/vendor/laravel/framework/src/Illuminate/Pipeline/Pipeline.php(167): Illuminate\\Foundation\\Http\\Middleware\\TrimStrings->handle()
#51 /home/badawy/Joovlly/qalzam/vendor/laravel/framework/src/Illuminate/Foundation/Http/Middleware/ValidatePostSize.php(27): Illuminate\\Pipeline\\Pipeline->Illuminate\\Pipeline\\{closure}()
#52 /home/badawy/Joovlly/qalzam/vendor/laravel/framework/src/Illuminate/Pipeline/Pipeline.php(167): Illuminate\\Foundation\\Http\\Middleware\\ValidatePostSize->handle()
#53 /home/badawy/Joovlly/qalzam/vendor/laravel/framework/src/Illuminate/Foundation/Http/Middleware/PreventRequestsDuringMaintenance.php(86): Illuminate\\Pipeline\\Pipeline->Illuminate\\Pipeline\\{closure}()
#54 /home/badawy/Joovlly/qalzam/vendor/laravel/framework/src/Illuminate/Pipeline/Pipeline.php(167): Illuminate\\Foundation\\Http\\Middleware\\PreventRequestsDuringMaintenance->handle()
#55 /home/badawy/Joovlly/qalzam/vendor/fideloper/proxy/src/TrustProxies.php(57): Illuminate\\Pipeline\\Pipeline->Illuminate\\Pipeline\\{closure}()
#56 /home/badawy/Joovlly/qalzam/vendor/laravel/framework/src/Illuminate/Pipeline/Pipeline.php(167): Fideloper\\Proxy\\TrustProxies->handle()
#57 /home/badawy/Joovlly/qalzam/app/Common/Http/Middleware/Cors.php(18): Illuminate\\Pipeline\\Pipeline->Illuminate\\Pipeline\\{closure}()
#58 /home/badawy/Joovlly/qalzam/vendor/laravel/framework/src/Illuminate/Pipeline/Pipeline.php(167): App\\Common\\Http\\Middleware\\Cors->handle()
#59 /home/badawy/Joovlly/qalzam/vendor/laravel/framework/src/Illuminate/Pipeline/Pipeline.php(103): Illuminate\\Pipeline\\Pipeline->Illuminate\\Pipeline\\{closure}()
#60 /home/badawy/Joovlly/qalzam/vendor/laravel/framework/src/Illuminate/Foundation/Http/Kernel.php(141): Illuminate\\Pipeline\\Pipeline->then()
#61 /home/badawy/Joovlly/qalzam/vendor/laravel/framework/src/Illuminate/Foundation/Http/Kernel.php(110): Illuminate\\Foundation\\Http\\Kernel->sendRequestThroughRouter()
#62 /home/badawy/Joovlly/qalzam/public/index.php(52): Illuminate\\Foundation\\Http\\Kernel->handle()
#63 /home/badawy/Joovlly/qalzam/server.php(21): require_once('/home/badawy/Jo...')
#64 {main}


[previous exception] [object] (PDOException(code: 1049): SQLSTATE[HY000] [1049] Unknown database 'qalzam1' at /home/badawy/Joovlly/qalzam/vendor/laravel/framework/src/Illuminate/Database/Connectors/Connector.php:70)
[stacktrace]
#0 /home/badawy/Joovlly/qalzam/vendor/laravel/framework/src/Illuminate/Database/Connectors/Connector.php(70): PDO->__construct()
#1 /home/badawy/Joovlly/qalzam/vendor/laravel/framework/src/Illuminate/Database/Connectors/Connector.php(46): Illuminate\\Database\\Connectors\\Connector->createPdoConnection()
#2 /home/badawy/Joovlly/qalzam/vendor/laravel/framework/src/Illuminate/Database/Connectors/MySqlConnector.php(24): Illuminate\\Database\\Connectors\\Connector->createConnection()
#3 /home/badawy/Joovlly/qalzam/vendor/laravel/framework/src/Illuminate/Database/Connectors/ConnectionFactory.php(184): Illuminate\\Database\\Connectors\\MySqlConnector->connect()
#4 [internal function]: Illuminate\\Database\\Connectors\\ConnectionFactory->Illuminate\\Database\\Connectors\\{closure}()
#5 /home/badawy/Joovlly/qalzam/vendor/laravel/framework/src/Illuminate/Database/Connection.php(949): call_user_func()
#6 /home/badawy/Joovlly/qalzam/vendor/laravel/framework/src/Illuminate/Database/Connection.php(984): Illuminate\\Database\\Connection->getPdo()
#7 /home/badawy/Joovlly/qalzam/vendor/laravel/framework/src/Illuminate/Database/Connection.php(412): Illuminate\\Database\\Connection->getReadPdo()
#8 /home/badawy/Joovlly/qalzam/vendor/laravel/framework/src/Illuminate/Database/Connection.php(338): Illuminate\\Database\\Connection->getPdoForSelect()
#9 /home/badawy/Joovlly/qalzam/vendor/laravel/framework/src/Illuminate/Database/Connection.php(671): Illuminate\\Database\\Connection->Illuminate\\Database\\{closure}()
#10 /home/badawy/Joovlly/qalzam/vendor/laravel/framework/src/Illuminate/Database/Connection.php(638): Illuminate\\Database\\Connection->runQueryCallback()
#11 /home/badawy/Joovlly/qalzam/vendor/laravel/framework/src/Illuminate/Database/Connection.php(346): Illuminate\\Database\\Connection->run()
#12 /home/badawy/Joovlly/qalzam/vendor/laravel/framework/src/Illuminate/Database/Query/Builder.php(2313): Illuminate\\Database\\Connection->select()
#13 /home/badawy/Joovlly/qalzam/vendor/laravel/framework/src/Illuminate/Database/Query/Builder.php(2301): Illuminate\\Database\\Query\\Builder->runSelect()
#14 /home/badawy/Joovlly/qalzam/vendor/laravel/framework/src/Illuminate/Database/Query/Builder.php(2796): Illuminate\\Database\\Query\\Builder->Illuminate\\Database\\Query\\{closure}()
#15 /home/badawy/Joovlly/qalzam/vendor/laravel/framework/src/Illuminate/Database/Query/Builder.php(2302): Illuminate\\Database\\Query\\Builder->onceWithColumns()
#16 /home/badawy/Joovlly/qalzam/vendor/laravel/framework/src/Illuminate/Database/Query/Builder.php(2412): Illuminate\\Database\\Query\\Builder->get()
#17 /home/badawy/Joovlly/qalzam/vendor/laravel/framework/src/Illuminate/Database/Query/Builder.php(2371): Illuminate\\Database\\Query\\Builder->runPaginationCountQuery()
#18 /home/badawy/Joovlly/qalzam/vendor/laravel/framework/src/Illuminate/Database/Eloquent/Builder.php(771): Illuminate\\Database\\Query\\Builder->getCountForPagination()
#19 /home/badawy/Joovlly/qalzam/vendor/laravel/framework/src/Illuminate/Support/Traits/ForwardsCalls.php(23): Illuminate\\Database\\Eloquent\\Builder->paginate()
#20 /home/badawy/Joovlly/qalzam/vendor/spatie/laravel-query-builder/src/QueryBuilder.php(109): Spatie\\QueryBuilder\\QueryBuilder->forwardCallTo()
#21 /home/badawy/Joovlly/qalzam/vendor/prettus/l5-repository/src/Prettus/Repository/Eloquent/BaseRepository.php(482): Spatie\\QueryBuilder\\QueryBuilder->__call()

#22 /home/badawy/Joovlly/qalzam/app/Domain/Website/Http/Controllers/PagesController.php(62): Prettus\\Repository\\Eloquent\\BaseRepository->paginate()
#23 /home/badawy/Joovlly/qalzam/vendor/laravel/framework/src/Illuminate/Routing/Controller.php(54): App\\Domain\\Website\\Http\\Controllers\\PagesController->branches()
#24 /home/badawy/Joovlly/qalzam/vendor/laravel/framework/src/Illuminate/Routing/ControllerDispatcher.php(45): Illuminate\\Routing\\Controller->callAction()
#25 /home/badawy/Joovlly/qalzam/vendor/laravel/framework/src/Illuminate/Routing/Route.php(254): Illuminate\\Routing\\ControllerDispatcher->dispatch()
#26 /home/badawy/Joovlly/qalzam/vendor/laravel/framework/src/Illuminate/Routing/Route.php(197): Illuminate\\Routing\\Route->runController()
#27 /home/badawy/Joovlly/qalzam/vendor/laravel/framework/src/Illuminate/Routing/Router.php(695): Illuminate\\Routing\\Route->run()
#28 /home/badawy/Joovlly/qalzam/vendor/laravel/framework/src/Illuminate/Pipeline/Pipeline.php(128): Illuminate\\Routing\\Router->Illuminate\\Routing\\{closure}()
#29 /home/badawy/Joovlly/qalzam/app/Common/Http/Middleware/Lang.php(31): Illuminate\\Pipeline\\Pipeline->Illuminate\\Pipeline\\{closure}()
#30 /home/badawy/Joovlly/qalzam/vendor/laravel/framework/src/Illuminate/Pipeline/Pipeline.php(167): App\\Common\\Http\\Middleware\\Lang->handle()
#31 /home/badawy/Joovlly/qalzam/app/Common/Http/Middleware/OptimizeImages.php(37): Illuminate\\Pipeline\\Pipeline->Illuminate\\Pipeline\\{closure}()
#32 /home/badawy/Joovlly/qalzam/vendor/laravel/framework/src/Illuminate/Pipeline/Pipeline.php(167): App\\Common\\Http\\Middleware\\OptimizeImages->handle()
#33 /home/badawy/Joovlly/qalzam/vendor/laravel/framework/src/Illuminate/Routing/Middleware/SubstituteBindings.php(50): Illuminate\\Pipeline\\Pipeline->Illuminate\\Pipeline\\{closure}()
#34 /home/badawy/Joovlly/qalzam/vendor/laravel/framework/src/Illuminate/Pipeline/Pipeline.php(167): Illuminate\\Routing\\Middleware\\SubstituteBindings->handle()
#35 /home/badawy/Joovlly/qalzam/vendor/laravel/framework/src/Illuminate/Foundation/Http/Middleware/VerifyCsrfToken.php(78): Illuminate\\Pipeline\\Pipeline->Illuminate\\Pipeline\\{closure}()
#36 /home/badawy/Joovlly/qalzam/vendor/laravel/framework/src/Illuminate/Pipeline/Pipeline.php(167): Illuminate\\Foundation\\Http\\Middleware\\VerifyCsrfToken->handle()
#37 /home/badawy/Joovlly/qalzam/vendor/laravel/framework/src/Illuminate/Session/Middleware/AuthenticateSession.php(39): Illuminate\\Pipeline\\Pipeline->Illuminate\\Pipeline\\{closure}()
#38 /home/badawy/Joovlly/qalzam/vendor/laravel/framework/src/Illuminate/Pipeline/Pipeline.php(167): Illuminate\\Session\\Middleware\\AuthenticateSession->handle()
#39 /home/badawy/Joovlly/qalzam/vendor/laravel/framework/src/Illuminate/View/Middleware/ShareErrorsFromSession.php(49): Illuminate\\Pipeline\\Pipeline->Illuminate\\Pipeline\\{closure}()
#40 /home/badawy/Joovlly/qalzam/vendor/laravel/framework/src/Illuminate/Pipeline/Pipeline.php(167): Illuminate\\View\\Middleware\\ShareErrorsFromSession->handle()
#41 /home/badawy/Joovlly/qalzam/vendor/laravel/framework/src/Illuminate/Session/Middleware/StartSession.php(121): Illuminate\\Pipeline\\Pipeline->Illuminate\\Pipeline\\{closure}()
#42 /home/badawy/Joovlly/qalzam/vendor/laravel/framework/src/Illuminate/Session/Middleware/StartSession.php(64): Illuminate\\Session\\Middleware\\StartSession->handleStatefulRequest()
#43 /home/badawy/Joovlly/qalzam/vendor/laravel/framework/src/Illuminate/Pipeline/Pipeline.php(167): Illuminate\\Session\\Middleware\\StartSession->handle()
#44 /home/badawy/Joovlly/qalzam/vendor/laravel/framework/src/Illuminate/Cookie/Middleware/AddQueuedCookiesToResponse.php(37): Illuminate\\Pipeline\\Pipeline->Illuminate\\Pipeline\\{closure}()
#45 /home/badawy/Joovlly/qalzam/vendor/laravel/framework/src/Illuminate/Pipeline/Pipeline.php(167): Illuminate\\Cookie\\Middleware\\AddQueuedCookiesToResponse->handle()
#46 /home/badawy/Joovlly/qalzam/vendor/laravel/framework/src/Illuminate/Cookie/Middleware/EncryptCookies.php(67): Illuminate\\Pipeline\\Pipeline->Illuminate\\Pipeline\\{closure}()
#47 /home/badawy/Joovlly/qalzam/vendor/laravel/framework/src/Illuminate/Pipeline/Pipeline.php(167): Illuminate\\Cookie\\Middleware\\EncryptCookies->handle()
#48 /home/badawy/Joovlly/qalzam/vendor/laravel/framework/src/Illuminate/Pipeline/Pipeline.php(103): Illuminate\\Pipeline\\Pipeline->Illuminate\\Pipeline\\{closure}()
#49 /home/badawy/Joovlly/qalzam/vendor/laravel/framework/src/Illuminate/Routing/Router.php(697): Illuminate\\Pipeline\\Pipeline->then()
#50 /home/badawy/Joovlly/qalzam/vendor/laravel/framework/src/Illuminate/Routing/Router.php(672): Illuminate\\Routing\\Router->runRouteWithinStack()
#51 /home/badawy/Joovlly/qalzam/vendor/laravel/framework/src/Illuminate/Routing/Router.php(636): Illuminate\\Routing\\Router->runRoute()
#52 /home/badawy/Joovlly/qalzam/vendor/laravel/framework/src/Illuminate/Routing/Router.php(625): Illuminate\\Routing\\Router->dispatchToRoute()
#53 /home/badawy/Joovlly/qalzam/vendor/laravel/framework/src/Illuminate/Foundation/Http/Kernel.php(166): Illuminate\\Routing\\Router->dispatch()
#54 /home/badawy/Joovlly/qalzam/vendor/laravel/framework/src/Illuminate/Pipeline/Pipeline.php(128): Illuminate\\Foundation\\Http\\Kernel->Illuminate\\Foundation\\Http\\{closure}()
#55 /home/badawy/Joovlly/qalzam/vendor/laravel/framework/src/Illuminate/Foundation/Http/Middleware/TransformsRequest.php(21): Illuminate\\Pipeline\\Pipeline->Illuminate\\Pipeline\\{closure}()
#56 /home/badawy/Joovlly/qalzam/vendor/laravel/framework/src/Illuminate/Foundation/Http/Middleware/ConvertEmptyStringsToNull.php(31): Illuminate\\Foundation\\Http\\Middleware\\TransformsRequest->handle()
#57 /home/badawy/Joovlly/qalzam/vendor/laravel/framework/src/Illuminate/Pipeline/Pipeline.php(167): Illuminate\\Foundation\\Http\\Middleware\\ConvertEmptyStringsToNull->handle()
#58 /home/badawy/Joovlly/qalzam/vendor/laravel/framework/src/Illuminate/Foundation/Http/Middleware/TransformsRequest.php(21): Illuminate\\Pipeline\\Pipeline->Illuminate\\Pipeline\\{closure}()
#59 /home/badawy/Joovlly/qalzam/vendor/laravel/framework/src/Illuminate/Foundation/Http/Middleware/TrimStrings.php(40): Illuminate\\Foundation\\Http\\Middleware\\TransformsRequest->handle()
#60 /home/badawy/Joovlly/qalzam/vendor/laravel/framework/src/Illuminate/Pipeline/Pipeline.php(167): Illuminate\\Foundation\\Http\\Middleware\\TrimStrings->handle()
#61 /home/badawy/Joovlly/qalzam/vendor/laravel/framework/src/Illuminate/Foundation/Http/Middleware/ValidatePostSize.php(27): Illuminate\\Pipeline\\Pipeline->Illuminate\\Pipeline\\{closure}()
#62 /home/badawy/Joovlly/qalzam/vendor/laravel/framework/src/Illuminate/Pipeline/Pipeline.php(167): Illuminate\\Foundation\\Http\\Middleware\\ValidatePostSize->handle()
#63 /home/badawy/Joovlly/qalzam/vendor/laravel/framework/src/Illuminate/Foundation/Http/Middleware/PreventRequestsDuringMaintenance.php(86): Illuminate\\Pipeline\\Pipeline->Illuminate\\Pipeline\\{closure}()
#64 /home/badawy/Joovlly/qalzam/vendor/laravel/framework/src/Illuminate/Pipeline/Pipeline.php(167): Illuminate\\Foundation\\Http\\Middleware\\PreventRequestsDuringMaintenance->handle()
#65 /home/badawy/Joovlly/qalzam/vendor/fideloper/proxy/src/TrustProxies.php(57): Illuminate\\Pipeline\\Pipeline->Illuminate\\Pipeline\\{closure}()
#66 /home/badawy/Joovlly/qalzam/vendor/laravel/framework/src/Illuminate/Pipeline/Pipeline.php(167): Fideloper\\Proxy\\TrustProxies->handle()
#67 /home/badawy/Joovlly/qalzam/app/Common/Http/Middleware/Cors.php(18): Illuminate\\Pipeline\\Pipeline->Illuminate\\Pipeline\\{closure}()
#68 /home/badawy/Joovlly/qalzam/vendor/laravel/framework/src/Illuminate/Pipeline/Pipeline.php(167): App\\Common\\Http\\Middleware\\Cors->handle()
#69 /home/badawy/Joovlly/qalzam/vendor/laravel/framework/src/Illuminate/Pipeline/Pipeline.php(103): Illuminate\\Pipeline\\Pipeline->Illuminate\\Pipeline\\{closure}()
#70 /home/badawy/Joovlly/qalzam/vendor/laravel/framework/src/Illuminate/Foundation/Http/Kernel.php(141): Illuminate\\Pipeline\\Pipeline->then()
#71 /home/badawy/Joovlly/qalzam/vendor/laravel/framework/src/Illuminate/Foundation/Http/Kernel.php(110): Illuminate\\Foundation\\Http\\Kernel->sendRequestThroughRouter()
#72 /home/badawy/Joovlly/qalzam/public/index.php(52): Illuminate\\Foundation\\Http\\Kernel->handle()
#73 /home/badawy/Joovlly/qalzam/server.php(21): require_once('/home/badawy/Jo...')
#74 {main}
"} 
[2021-06-11 03:06:46] local.ERROR: file_put_contents(M:\other things\joovlly\qalzam\serverSide\storage\framework/sessions/AWxhIBJLgks995Wr202uDJhSQY1gFg1iFAo2Z6nx): failed to open stream: No such file or directory {"exception":"[object] (ErrorException(code: 0): file_put_contents(M:\\other things\\joovlly\\qalzam\\serverSide\\storage\\framework/sessions/AWxhIBJLgks995Wr202uDJhSQY1gFg1iFAo2Z6nx): failed to open stream: No such file or directory at /home/badawy/Joovlly/qalzam/vendor/laravel/framework/src/Illuminate/Filesystem/Filesystem.php:185)

[stacktrace]
#0 [internal function]: Illuminate\\Foundation\\Bootstrap\\HandleExceptions->handleError()
#1 /home/badawy/Joovlly/qalzam/vendor/laravel/framework/src/Illuminate/Filesystem/Filesystem.php(185): file_put_contents()
#2 /home/badawy/Joovlly/qalzam/vendor/laravel/framework/src/Illuminate/Session/FileSessionHandler.php(83): Illuminate\\Filesystem\\Filesystem->put()
#3 /home/badawy/Joovlly/qalzam/vendor/laravel/framework/src/Illuminate/Session/Store.php(129): Illuminate\\Session\\FileSessionHandler->write()
#4 /home/badawy/Joovlly/qalzam/vendor/laravel/framework/src/Illuminate/Session/Middleware/StartSession.php(236): Illuminate\\Session\\Store->save()
#5 /home/badawy/Joovlly/qalzam/vendor/laravel/framework/src/Illuminate/Session/Middleware/StartSession.php(130): Illuminate\\Session\\Middleware\\StartSession->saveSession()
#6 /home/badawy/Joovlly/qalzam/vendor/laravel/framework/src/Illuminate/Session/Middleware/StartSession.php(64): Illuminate\\Session\\Middleware\\StartSession->handleStatefulRequest()
#7 /home/badawy/Joovlly/qalzam/vendor/laravel/framework/src/Illuminate/Pipeline/Pipeline.php(167): Illuminate\\Session\\Middleware\\StartSession->handle()
#8 /home/badawy/Joovlly/qalzam/vendor/laravel/framework/src/Illuminate/Cookie/Middleware/AddQueuedCookiesToResponse.php(37): Illuminate\\Pipeline\\Pipeline->Illuminate\\Pipeline\\{closure}()
#9 /home/badawy/Joovlly/qalzam/vendor/laravel/framework/src/Illuminate/Pipeline/Pipeline.php(167): Illuminate\\Cookie\\Middleware\\AddQueuedCookiesToResponse->handle()
#10 /home/badawy/Joovlly/qalzam/vendor/laravel/framework/src/Illuminate/Cookie/Middleware/EncryptCookies.php(67): Illuminate\\Pipeline\\Pipeline->Illuminate\\Pipeline\\{closure}()
#11 /home/badawy/Joovlly/qalzam/vendor/laravel/framework/src/Illuminate/Pipeline/Pipeline.php(167): Illuminate\\Cookie\\Middleware\\EncryptCookies->handle()
#12 /home/badawy/Joovlly/qalzam/vendor/laravel/framework/src/Illuminate/Pipeline/Pipeline.php(103): Illuminate\\Pipeline\\Pipeline->Illuminate\\Pipeline\\{closure}()
#13 /home/badawy/Joovlly/qalzam/vendor/laravel/framework/src/Illuminate/Routing/Router.php(697): Illuminate\\Pipeline\\Pipeline->then()
#14 /home/badawy/Joovlly/qalzam/vendor/laravel/framework/src/Illuminate/Routing/Router.php(672): Illuminate\\Routing\\Router->runRouteWithinStack()
#15 /home/badawy/Joovlly/qalzam/vendor/laravel/framework/src/Illuminate/Routing/Router.php(636): Illuminate\\Routing\\Router->runRoute()
#16 /home/badawy/Joovlly/qalzam/vendor/laravel/framework/src/Illuminate/Routing/Router.php(625): Illuminate\\Routing\\Router->dispatchToRoute()
#17 /home/badawy/Joovlly/qalzam/vendor/laravel/framework/src/Illuminate/Foundation/Http/Kernel.php(166): Illuminate\\Routing\\Router->dispatch()
#18 /home/badawy/Joovlly/qalzam/vendor/laravel/framework/src/Illuminate/Pipeline/Pipeline.php(128): Illuminate\\Foundation\\Http\\Kernel->Illuminate\\Foundation\\Http\\{closure}()
#19 /home/badawy/Joovlly/qalzam/vendor/laravel/framework/src/Illuminate/Foundation/Http/Middleware/TransformsRequest.php(21): Illuminate\\Pipeline\\Pipeline->Illuminate\\Pipeline\\{closure}()
#20 /home/badawy/Joovlly/qalzam/vendor/laravel/framework/src/Illuminate/Foundation/Http/Middleware/ConvertEmptyStringsToNull.php(31): Illuminate\\Foundation\\Http\\Middleware\\TransformsRequest->handle()
#21 /home/badawy/Joovlly/qalzam/vendor/laravel/framework/src/Illuminate/Pipeline/Pipeline.php(167): Illuminate\\Foundation\\Http\\Middleware\\ConvertEmptyStringsToNull->handle()
#22 /home/badawy/Joovlly/qalzam/vendor/laravel/framework/src/Illuminate/Foundation/Http/Middleware/TransformsRequest.php(21): Illuminate\\Pipeline\\Pipeline->Illuminate\\Pipeline\\{closure}()
#23 /home/badawy/Joovlly/qalzam/vendor/laravel/framework/src/Illuminate/Foundation/Http/Middleware/TrimStrings.php(40): Illuminate\\Foundation\\Http\\Middleware\\TransformsRequest->handle()
#24 /home/badawy/Joovlly/qalzam/vendor/laravel/framework/src/Illuminate/Pipeline/Pipeline.php(167): Illuminate\\Foundation\\Http\\Middleware\\TrimStrings->handle()
#25 /home/badawy/Joovlly/qalzam/vendor/laravel/framework/src/Illuminate/Foundation/Http/Middleware/ValidatePostSize.php(27): Illuminate\\Pipeline\\Pipeline->Illuminate\\Pipeline\\{closure}()
#26 /home/badawy/Joovlly/qalzam/vendor/laravel/framework/src/Illuminate/Pipeline/Pipeline.php(167): Illuminate\\Foundation\\Http\\Middleware\\ValidatePostSize->handle()
#27 /home/badawy/Joovlly/qalzam/vendor/laravel/framework/src/Illuminate/Foundation/Http/Middleware/PreventRequestsDuringMaintenance.php(86): Illuminate\\Pipeline\\Pipeline->Illuminate\\Pipeline\\{closure}()
#28 /home/badawy/Joovlly/qalzam/vendor/laravel/framework/src/Illuminate/Pipeline/Pipeline.php(167): Illuminate\\Foundation\\Http\\Middleware\\PreventRequestsDuringMaintenance->handle()
#29 /home/badawy/Joovlly/qalzam/vendor/fideloper/proxy/src/TrustProxies.php(57): Illuminate\\Pipeline\\Pipeline->Illuminate\\Pipeline\\{closure}()
#30 /home/badawy/Joovlly/qalzam/vendor/laravel/framework/src/Illuminate/Pipeline/Pipeline.php(167): Fideloper\\Proxy\\TrustProxies->handle()
#31 /home/badawy/Joovlly/qalzam/app/Common/Http/Middleware/Cors.php(18): Illuminate\\Pipeline\\Pipeline->Illuminate\\Pipeline\\{closure}()
#32 /home/badawy/Joovlly/qalzam/vendor/laravel/framework/src/Illuminate/Pipeline/Pipeline.php(167): App\\Common\\Http\\Middleware\\Cors->handle()
#33 /home/badawy/Joovlly/qalzam/vendor/laravel/framework/src/Illuminate/Pipeline/Pipeline.php(103): Illuminate\\Pipeline\\Pipeline->Illuminate\\Pipeline\\{closure}()
#34 /home/badawy/Joovlly/qalzam/vendor/laravel/framework/src/Illuminate/Foundation/Http/Kernel.php(141): Illuminate\\Pipeline\\Pipeline->then()
#35 /home/badawy/Joovlly/qalzam/vendor/laravel/framework/src/Illuminate/Foundation/Http/Kernel.php(110): Illuminate\\Foundation\\Http\\Kernel->sendRequestThroughRouter()
#36 /home/badawy/Joovlly/qalzam/public/index.php(52): Illuminate\\Foundation\\Http\\Kernel->handle()
#37 /home/badawy/Joovlly/qalzam/server.php(21): require_once('/home/badawy/Jo...')
#38 {main}
"} 
